3 arguments
k
541
WholeNode
Found WholeNode
Set SLURM_TASKS_PER_NODE to 40
starting srun /home/Tools/bin/kvasp541 > output
srun: Job step aborted: Waiting up to 32 seconds for job step to finish.
slurmstepd-n14: error: *** STEP 401632.0 ON n14 CANCELLED AT 2023-11-30T09:52:56 ***
slurmstepd-n14: error: *** JOB 401632 ON n14 CANCELLED AT 2023-11-30T09:52:56 ***
forrtl: error (78): process killed (SIGTERM)
Image              PC                Routine            Line        Source             
kvasp541           000000000142EB54  Unknown               Unknown  Unknown
libpthread-2.27.s  00001459E24C6980  Unknown               Unknown  Unknown
libmkl_avx512.so.  00001458906455F4  mkl_blas_avx512_d     Unknown  Unknown
forrtl: error (78): process killed (SIGTERM)
Image              PC                Routine            Line        Source             
kvasp541           000000000142EB54  Unknown               Unknown  Unknown
libpthread-2.27.s  0000152937CF5980  Unknown               Unknown  Unknown
libmkl_avx512.so.  00001527E5E93E72  mkl_blas_avx512_d     Unknown  Unknown
forrtl: error (78): process killed (SIGTERM)
Image              PC                Routine            Line        Source             
kvasp541           000000000142EB54  Unknown               Unknown  Unknown
libpthread-2.27.s  000014C44DD20980  Unknown               Unknown  Unknown
kvasp541           00000000005E6102  Unknown               Unknown  Unknown
kvasp541           0000000000A3104E  Unknown               Unknown  Unknown
kvasp541           0000000000CFE67B  Unknown               Unknown  Unknown
kvasp541           0000000000D22385  Unknown               Unknown  Unknown
kvasp541           000000000127B32E  Unknown               Unknown  Unknown
kvasp541           0000000000409742  Unknown               Unknown  Unknown
libc-2.27.so       000014C44D5A0C87  __libc_start_main     Unknown  Unknown
kvasp541           000000000040962A  Unknown               Unknown  Unknown
forrtl: error (78): process killed (SIGTERM)
Image              PC                Routine            Line        Source             
kvasp541           000000000142EB54  Unknown               Unknown  Unknown
libpthread-2.27.s  0000152D944E9980  Unknown               Unknown  Unknown
kvasp541           00000000005E6108  Unknown               Unknown  Unknown
kvasp541           0000000000A3104E  Unknown               Unknown  Unknown
kvasp541           0000000000CFE67B  Unknown               Unknown  Unknown
kvasp541           0000000000D22385  Unknown               Unknown  Unknown
kvasp541           000000000127B32E  Unknown               Unknown  Unknown
kvasp541           0000000000409742  Unknown               Unknown  Unknown
libc-2.27.so       0000152D93D69C87  __libc_start_main     Unknown  Unknown
kvasp541           000000000040962A  Unknown               Unknown  Unknown
forrtl: error (78): process killed (SIGTERM)
Image              PC                Routine            Line        Source             
kvasp541           000000000142EB54  Unknown               Unknown  Unknown
libpthread-2.27.s  00001509FF6F1980  Unknown               Unknown  Unknown
kvasp541           000000000082539E  Unknown               Unknown  Unknown
kvasp541           0000000000824466  Unknown               Unknown  Unknown
kvasp541           0000000000A30AD8  Unknown               Unknown  Unknown
kvasp541           0000000000CFE67B  Unknown               Unknown  Unknown
kvasp541           0000000000D22385  Unknown               Unknown  Unknown
kvasp541           000000000127B32E  Unknown               Unknown  Unknown
kvasp541           0000000000409742  Unknown               Unknown  Unknown
libc-2.27.so       00001509FEF71C87  __libc_start_main     Unknown  Unknown
kvasp541           000000000040962A  Unknown               Unknown  Unknown
forrtl: error (78): process killed (SIGTERM)
Image              PC                Routine            Line        Source             
kvasp541           000000000142EB54  Unknown               Unknown  Unknown
libpthread-2.27.s  0000153523084980  Unknown               Unknown  Unknown
kvasp541           0000000001231960  Unknown               Unknown  Unknown
kvasp541           000000000122830D  Unknown               Unknown  Unknown
kvasp541           0000000001228F50  Unknown               Unknown  Unknown
kvasp541           0000000000A30D4D  Unknown               Unknown  Unknown
kvasp541           0000000000CFE67B  Unknown               Unknown  Unknown
kvasp541           0000000000D22385  Unknown               Unknown  Unknown
kvasp541           000000000127B32E  Unknown               Unknown  Unknown
kvasp541           0000000000409742  Unknown               Unknown  Unknown
libc-2.27.so       0000153522904C87  __libc_start_main     Unknown  Unknown
kvasp541           000000000040962A  Unknown               Unknown  Unknown
forrtl: error (78): process killed (SIGTERM)
Image              PC                Routine            Line        Source             
kvasp541           000000000142EB54  Unknown               Unknown  Unknown
libpthread-2.27.s  0000154BADD44980  Unknown               Unknown  Unknown
kvasp541           0000000001230F2E  Unknown               Unknown  Unknown
kvasp541           0000000001228203  Unknown               Unknown  Unknown
kvasp541           0000000001228F50  Unknown               Unknown  Unknown
kvasp541           0000000000A30E5A  Unknown               Unknown  Unknown
kvasp541           0000000000CFE67B  Unknown               Unknown  Unknown
kvasp541           0000000000D22385  Unknown               Unknown  Unknown
kvasp541           000000000127B32E  Unknown               Unknown  Unknown
kvasp541           0000000000409742  Unknown               Unknown  Unknown
libc-2.27.so       0000154BAD5C4C87  __libc_start_main     Unknown  Unknown
kvasp541           000000000040962A  Unknown               Unknown  Unknown
forrtl: error (78): process killed (SIGTERM)
Image              PC                Routine            Line        Source             
kvasp541           000000000142EB54  Unknown               Unknown  Unknown
libpthread-2.27.s  000014C679E7C980  Unknown               Unknown  Unknown
libmkl_intel_lp64  000014C6842050CA  dcopy_                Unknown  Unknown
kvasp541           000000000040FF4F  Unknown               Unknown  Unknown
kvasp541           000000000054DB1D  Unknown               Unknown  Unknown
kvasp541           00000000005E68A5  Unknown               Unknown  Unknown
kvasp541           0000000000A3104E  Unknown               Unknown  Unknown
kvasp541           0000000000CFE67B  Unknown               Unknown  Unknown
kvasp541           0000000000D22385  Unknown               Unknown  Unknown
kvasp541           000000000127B32E  Unknown               Unknown  Unknown
kvasp541           0000000000409742  Unknown               Unknown  Unknown
libc-2.27.so       000014C6796FCC87  __libc_start_main     Unknown  Unknown
kvasp541           000000000040962A  Unknown               Unknown  Unknown
forrtl: error (78): process killed (SIGTERM)
Image              PC                Routine            Line        Source             
kvasp541           000000000142EB54  Unknown               Unknown  Unknown
libpthread-2.27.s  000014AC831AB980  Unknown               Unknown  Unknown
libmkl_avx512.so.  000014AB33973A5D  mkl_dft_avx512_ow     Unknown  Unknown
libmkl_avx512.so.  000014AB33951784  mkl_dft_avx512_ow     Unknown  Unknown
libmkl_avx512.so.  000014AB33930658  mkl_dft_avx512_ip     Unknown  Unknown
libmkl_avx512.so.  000014AB31A9AEAA  Unknown               Unknown  Unknown
libmkl_intel_lp64  000014AC8DBCC78A  DftiComputeForwar     Unknown  Unknown
kvasp541           000000000122826D  Unknown               Unknown  Unknown
kvasp541           0000000001228F50  Unknown               Unknown  Unknown
kvasp541           0000000000A30D4D  Unknown               Unknown  Unknown
kvasp541           0000000000CFE67B  Unknown               Unknown  Unknown
kvasp541           0000000000D22385  Unknown               Unknown  Unknown
kvasp541           000000000127B32E  Unknown               Unknown  Unknown
kvasp541           0000000000409742  Unknown               Unknown  Unknown
libc-2.27.so       000014AC82A2BC87  __libc_start_main     Unknown  Unknown
kvasp541           000000000040962A  Unknown               Unknown  Unknown
forrtl: error (78): process killed (SIGTERM)
Image              PC                Routine            Line        Source             
kvasp541           000000000142EB54  Unknown               Unknown  Unknown
libpthread-2.27.s  000015513F837980  Unknown               Unknown  Unknown
libmkl_intel_lp64  000015514A256A69  mkl_dft_dfti_free     Unknown  Unknown
libmkl_intel_lp64  000015514A25BEF6  DftiFreeDescripto     Unknown  Unknown
libmkl_intel_lp64  000015514A266672  Unknown               Unknown  Unknown
kvasp541           000000000122818E  Unknown               Unknown  Unknown
kvasp541           0000000001228F50  Unknown               Unknown  Unknown
kvasp541           0000000000A30D4D  Unknown               Unknown  Unknown
kvasp541           0000000000CFE67B  Unknown               Unknown  Unknown
kvasp541           0000000000D22385  Unknown               Unknown  Unknown
kvasp541           000000000127B32E  Unknown               Unknown  Unknown
kvasp541           0000000000409742  Unknown               Unknown  Unknown
libc-2.27.so       000015513F0B7C87  __libc_start_main     Unknown  Unknown
kvasp541           000000000040962A  Unknown               Unknown  Unknown
forrtl: error (78): process killed (SIGTERM)
Image              PC                Routine            Line        Source             
kvasp541           000000000142EB54  Unknown               Unknown  Unknown
libpthread-2.27.s  000014FF67B4E980  Unknown               Unknown  Unknown
libmkl_avx512.so.  000014FE16B54667  Unknown               Unknown  Unknown
libmkl_intel_lp64  000014FF72573170  DftiSetValue          Unknown  Unknown
libmkl_intel_lp64  000014FF7257AA6B  fftw_plan_guru64_     Unknown  Unknown
libmkl_intel_lp64  000014FF72581C76  dfftw_plan_guru_d     Unknown  Unknown
libmkl_intel_lp64  000014FF72582F30  dfftw_plan_many_d     Unknown  Unknown
kvasp541           0000000001228114  Unknown               Unknown  Unknown
kvasp541           0000000001228F50  Unknown               Unknown  Unknown
kvasp541           0000000000A30D4D  Unknown               Unknown  Unknown
kvasp541           0000000000CFE67B  Unknown               Unknown  Unknown
kvasp541           0000000000D22385  Unknown               Unknown  Unknown
kvasp541           000000000127B32E  Unknown               Unknown  Unknown
kvasp541           0000000000409742  Unknown               Unknown  Unknown
libc-2.27.so       000014FF673CEC87  __libc_start_main     Unknown  Unknown
kvasp541           000000000040962A  Unknown               Unknown  Unknown
forrtl: error (78): process killed (SIGTERM)
Image              PC                Routine            Line        Source             
kvasp541           000000000142EB54  Unknown               Unknown  Unknown
libpthread-2.27.s  000014C75EDFB980  Unknown               Unknown  Unknown
libmkl_avx512.so.  000014C60D80363B  Unknown               Unknown  Unknown
libmkl_avx512.so.  000014C60DE96E94  Unknown               Unknown  Unknown
libmkl_intel_lp64  000014C76981B3B0  DftiCommitDescrip     Unknown  Unknown
libmkl_intel_lp64  000014C769827B61  fftw_plan_guru64_     Unknown  Unknown
libmkl_intel_lp64  000014C76982EC76  dfftw_plan_guru_d     Unknown  Unknown
libmkl_intel_lp64  000014C76982FF30  dfftw_plan_many_d     Unknown  Unknown
kvasp541           00000000012280C0  Unknown               Unknown  Unknown
kvasp541           0000000001228F50  Unknown               Unknown  Unknown
kvasp541           0000000000A30D4D  Unknown               Unknown  Unknown
kvasp541           0000000000CFE67B  Unknown               Unknown  Unknown
kvasp541           0000000000D22385  Unknown               Unknown  Unknown
kvasp541           000000000127B32E  Unknown               Unknown  Unknown
kvasp541           0000000000409742  Unknown               Unknown  Unknown
libc-2.27.so       000014C75E67BC87  __libc_start_main     Unknown  Unknown
kvasp541           000000000040962A  Unknown               Unknown  Unknown
forrtl: error (78): process killed (SIGTERM)
Image              PC                Routine            Line        Source             
kvasp541           000000000142EB54  Unknown               Unknown  Unknown
libpthread-2.27.s  000015222A666980  Unknown               Unknown  Unknown
libmkl_avx512.so.  00001520D904D20D  Unknown               Unknown  Unknown
libmkl_avx512.so.  00001520D9701E94  Unknown               Unknown  Unknown
libmkl_intel_lp64  00001522350863B0  DftiCommitDescrip     Unknown  Unknown
libmkl_intel_lp64  0000152235092B61  fftw_plan_guru64_     Unknown  Unknown
libmkl_intel_lp64  0000152235099C76  dfftw_plan_guru_d     Unknown  Unknown
libmkl_intel_lp64  000015223509AF30  dfftw_plan_many_d     Unknown  Unknown
kvasp541           00000000012283B6  Unknown               Unknown  Unknown
kvasp541           0000000001228F50  Unknown               Unknown  Unknown
kvasp541           0000000000A30E5A  Unknown               Unknown  Unknown
kvasp541           0000000000CFE67B  Unknown               Unknown  Unknown
kvasp541           0000000000D22385  Unknown               Unknown  Unknown
kvasp541           000000000127B32E  Unknown               Unknown  Unknown
kvasp541           0000000000409742  Unknown               Unknown  Unknown
libc-2.27.so       0000152229EE6C87  __libc_start_main     Unknown  Unknown
kvasp541           000000000040962A  Unknown               Unknown  Unknown
forrtl: error (78): process killed (SIGTERM)
Image              PC                Routine            Line        Source             
kvasp541           000000000142EB54  Unknown               Unknown  Unknown
libpthread-2.27.s  0000154F39CB5980  Unknown               Unknown  Unknown
libmkl_avx512.so.  0000154DE8A66540  Unknown               Unknown  Unknown
libmkl_avx512.so.  0000154DE86A8C93  Unknown               Unknown  Unknown
libmkl_avx512.so.  0000154DE869C02A  Unknown               Unknown  Unknown
libmkl_avx512.so.  0000154DE8D50E94  Unknown               Unknown  Unknown
libmkl_intel_lp64  0000154F446D53B0  DftiCommitDescrip     Unknown  Unknown
libmkl_intel_lp64  0000154F446E1B61  fftw_plan_guru64_     Unknown  Unknown
libmkl_intel_lp64  0000154F446E8C76  dfftw_plan_guru_d     Unknown  Unknown
libmkl_intel_lp64  0000154F446E9F30  dfftw_plan_many_d     Unknown  Unknown
kvasp541           0000000001228114  Unknown               Unknown  Unknown
kvasp541           0000000001228F50  Unknown               Unknown  Unknown
kvasp541           0000000000A30D4D  Unknown               Unknown  Unknown
kvasp541           0000000000CFE67B  Unknown               Unknown  Unknown
kvasp541           0000000000D22385  Unknown               Unknown  Unknown
kvasp541           000000000127B32E  Unknown               Unknown  Unknown
kvasp541           0000000000409742  Unknown               Unknown  Unknown
libc-2.27.so       0000154F39535C87  __libc_start_main     Unknown  Unknown
kvasp541           000000000040962A  Unknown               Unknown  Unknown
forrtl: error (78): process killed (SIGTERM)
Image              PC                Routine            Line        Source             
kvasp541           000000000142EB54  Unknown               Unknown  Unknown
libpthread-2.27.s  000014663C928980  Unknown               Unknown  Unknown
libmpi.so.12.0.0   000014663D697FE2  Unknown               Unknown  Unknown
libmpi.so.12.0.0   000014663D1F518F  Unknown               Unknown  Unknown
libmpi.so.12.0.0   000014663D1FF51F  Unknown               Unknown  Unknown
libmpi.so.12.0.0   000014663D0B2737  Unknown               Unknown  Unknown
libmpi.so.12.0.0   000014663D1F54DF  Unknown               Unknown  Unknown
libmpi.so.12.0.0   000014663D083405  PMPI_Alltoallv        Unknown  Unknown
libmpifort.so.12.  000014663E853DDA  pmpi_alltoallv__      Unknown  Unknown
kvasp541           000000000040CF4E  Unknown               Unknown  Unknown
kvasp541           0000000001231870  Unknown               Unknown  Unknown
kvasp541           000000000122830D  Unknown               Unknown  Unknown
kvasp541           0000000001228F50  Unknown               Unknown  Unknown
kvasp541           0000000000A30D4D  Unknown               Unknown  Unknown
kvasp541           0000000000CFE67B  Unknown               Unknown  Unknown
kvasp541           0000000000D22385  Unknown               Unknown  Unknown
kvasp541           000000000127B32E  Unknown               Unknown  Unknown
kvasp541           0000000000409742  Unknown               Unknown  Unknown
libc-2.27.so       000014663C1A8C87  __libc_start_main     Unknown  Unknown
kvasp541           000000000040962A  Unknown               Unknown  Unknown
forrtl: error (78): process killed (SIGTERM)
Image              PC                Routine            Line        Source             
kvasp541           000000000142EB54  Unknown               Unknown  Unknown
libpthread-2.27.s  0000147D549B6980  Unknown               Unknown  Unknown
libmpi.so.12.0.0   0000147D558D4D10  Unknown               Unknown  Unknown
libmpi.so.12.0.0   0000147D558D6103  Unknown               Unknown  Unknown
libmpi.so.12.0.0   0000147D553947C5  Unknown               Unknown  Unknown
libmpi.so.12.0.0   0000147D553B97AD  Unknown               Unknown  Unknown
libmpi.so.12.0.0   0000147D550D7C55  Unknown               Unknown  Unknown
libmpi.so.12.0.0   0000147D55149CCD  Unknown               Unknown  Unknown
libmpi.so.12.0.0   0000147D55168A60  Unknown               Unknown  Unknown
libmpi.so.12.0.0   0000147D551407EC  Unknown               Unknown  Unknown
libmpi.so.12.0.0   0000147D55283387  Unknown               Unknown  Unknown
libmpi.so.12.0.0   0000147D550DE6E1  PMPI_Allreduce        Unknown  Unknown
libmpifort.so.12.  0000147D568E1A50  mpi_allreduce_        Unknown  Unknown
kvasp541           000000000040FF1F  Unknown               Unknown  Unknown
kvasp541           000000000054DB1D  Unknown               Unknown  Unknown
kvasp541           00000000005E68A5  Unknown               Unknown  Unknown
kvasp541           0000000000A3104E  Unknown               Unknown  Unknown
kvasp541           0000000000CFE67B  Unknown               Unknown  Unknown
kvasp541           0000000000D22385  Unknown               Unknown  Unknown
kvasp541           000000000127B32E  Unknown               Unknown  Unknown
kvasp541           0000000000409742  Unknown               Unknown  Unknown
libc-2.27.so       0000147D54236C87  __libc_start_main     Unknown  Unknown
kvasp541           000000000040962A  Unknown               Unknown  Unknown
forrtl: error (78): process killed (SIGTERM)
Image              PC                Routine            Line        Source             
kvasp541           000000000142EB54  Unknown               Unknown  Unknown
libpthread-2.27.s  000014969018C980  Unknown               Unknown  Unknown
libmpi.so.12.0.0   00001496910AAD10  Unknown               Unknown  Unknown
libmpi.so.12.0.0   00001496910AC103  Unknown               Unknown  Unknown
libmpi.so.12.0.0   0000149690B9F4A6  Unknown               Unknown  Unknown
libmpi.so.12.0.0   00001496908E593A  Unknown               Unknown  Unknown
libmpi.so.12.0.0   00001496908E6BD9  Unknown               Unknown  Unknown
libmpi.so.12.0.0   0000149690937820  Unknown               Unknown  Unknown
libmpi.so.12.0.0   00001496909167EC  Unknown               Unknown  Unknown
libmpi.so.12.0.0   0000149690A594DF  Unknown               Unknown  Unknown
libmpi.so.12.0.0   00001496908E7405  PMPI_Alltoallv        Unknown  Unknown
libmpifort.so.12.  00001496920B7DDA  pmpi_alltoallv__      Unknown  Unknown
kvasp541           000000000040CF4E  Unknown               Unknown  Unknown
kvasp541           0000000001231870  Unknown               Unknown  Unknown
kvasp541           000000000122830D  Unknown               Unknown  Unknown
kvasp541           0000000001228F50  Unknown               Unknown  Unknown
kvasp541           0000000000A30D4D  Unknown               Unknown  Unknown
kvasp541           0000000000CFE67B  Unknown               Unknown  Unknown
kvasp541           0000000000D22385  Unknown               Unknown  Unknown
kvasp541           000000000127B32E  Unknown               Unknown  Unknown
kvasp541           0000000000409742  Unknown               Unknown  Unknown
libc-2.27.so       000014968FA0CC87  __libc_start_main     Unknown  Unknown
kvasp541           000000000040962A  Unknown               Unknown  Unknown
forrtl: error (78): process killed (SIGTERM)
Image              PC                Routine            Line        Source             
kvasp541           000000000142EB54  Unknown               Unknown  Unknown
libpthread-2.27.s  000014D78013C980  Unknown               Unknown  Unknown
libmpi.so.12.0.0   000014D78099D002  Unknown               Unknown  Unknown
libmpi.so.12.0.0   000014D78105C366  Unknown               Unknown  Unknown
libmpi.so.12.0.0   000014D780B35456  Unknown               Unknown  Unknown
libmpi.so.12.0.0   000014D780B2D84C  Unknown               Unknown  Unknown
libmpi.so.12.0.0   000014D780EA1D0C  Unknown               Unknown  Unknown
libmpi.so.12.0.0   000014D780EAC0BC  Unknown               Unknown  Unknown
libmpi.so.12.0.0   000014D780A0918F  Unknown               Unknown  Unknown
libmpi.so.12.0.0   000014D780A1351F  Unknown               Unknown  Unknown
libmpi.so.12.0.0   000014D7808C6737  Unknown               Unknown  Unknown
libmpi.so.12.0.0   000014D780A094DF  Unknown               Unknown  Unknown
libmpi.so.12.0.0   000014D780897405  PMPI_Alltoallv        Unknown  Unknown
libmpifort.so.12.  000014D782067DDA  pmpi_alltoallv__      Unknown  Unknown
kvasp541           000000000040CF4E  Unknown               Unknown  Unknown
kvasp541           000000000123116A  Unknown               Unknown  Unknown
kvasp541           0000000001228203  Unknown               Unknown  Unknown
kvasp541           0000000001228F50  Unknown               Unknown  Unknown
kvasp541           0000000000A30E5A  Unknown               Unknown  Unknown
kvasp541           0000000000CFE67B  Unknown               Unknown  Unknown
kvasp541           0000000000D22385  Unknown               Unknown  Unknown
kvasp541           000000000127B32E  Unknown               Unknown  Unknown
kvasp541           0000000000409742  Unknown               Unknown  Unknown
libc-2.27.so       000014D77F9BCC87  __libc_start_main     Unknown  Unknown
kvasp541           000000000040962A  Unknown               Unknown  Unknown
forrtl: error (78): process killed (SIGTERM)
Image              PC                Routine            Line        Source             
kvasp541           000000000142EB54  Unknown               Unknown  Unknown
libpthread-2.27.s  0000154C072E9980  Unknown               Unknown  Unknown
libmpi.so.12.0.0   0000154C08201F50  Unknown               Unknown  Unknown
libmpi.so.12.0.0   0000154C082005B3  Unknown               Unknown  Unknown
libmpi.so.12.0.0   0000154C07B21F55  Unknown               Unknown  Unknown
libmpi.so.12.0.0   0000154C07B21A56  Unknown               Unknown  Unknown
libmpi.so.12.0.0   0000154C0819E8C0  Unknown               Unknown  Unknown
libmpi.so.12.0.0   0000154C07CE35E8  Unknown               Unknown  Unknown
libmpi.so.12.0.0   0000154C0804E970  Unknown               Unknown  Unknown
libmpi.so.12.0.0   0000154C080590BC  Unknown               Unknown  Unknown
libmpi.so.12.0.0   0000154C07BB618F  Unknown               Unknown  Unknown
libmpi.so.12.0.0   0000154C07BC051F  Unknown               Unknown  Unknown
libmpi.so.12.0.0   0000154C07A73737  Unknown               Unknown  Unknown
libmpi.so.12.0.0   0000154C07BB64DF  Unknown               Unknown  Unknown
libmpi.so.12.0.0   0000154C07A44405  PMPI_Alltoallv        Unknown  Unknown
libmpifort.so.12.  0000154C09214DDA  pmpi_alltoallv__      Unknown  Unknown
kvasp541           000000000040CF4E  Unknown               Unknown  Unknown
kvasp541           0000000001231870  Unknown               Unknown  Unknown
kvasp541           000000000122830D  Unknown               Unknown  Unknown
kvasp541           0000000001228F50  Unknown               Unknown  Unknown
kvasp541           0000000000A30D4D  Unknown               Unknown  Unknown
kvasp541           0000000000CFE67B  Unknown               Unknown  Unknown
kvasp541           0000000000D22385  Unknown               Unknown  Unknown
kvasp541           000000000127B32E  Unknown               Unknown  Unknown
kvasp541           0000000000409742  Unknown               Unknown  Unknown
libc-2.27.so       0000154C06B69C87  __libc_start_main     Unknown  Unknown
kvasp541           000000000040962A  Unknown               Unknown  Unknown
forrtl: error (78): process killed (SIGTERM)
Image              PC                Routine            Line        Source             
kvasp541           000000000142EB54  Unknown               Unknown  Unknown
libpthread-2.27.s  0000147B21676980  Unknown               Unknown  Unknown
libc-2.27.so       0000147B20FE9B84  __poll                Unknown  Unknown
libtcp-fi.so       00001479D67028C9  Unknown               Unknown  Unknown
libtcp-fi.so       00001479D66FBDA5  Unknown               Unknown  Unknown
libtcp-fi.so       00001479D6713437  Unknown               Unknown  Unknown
librxm-fi.so       00001479D5FFC25E  Unknown               Unknown  Unknown
librxm-fi.so       00001479D5FFC3C9  Unknown               Unknown  Unknown
librxm-fi.so       00001479D6016FBD  Unknown               Unknown  Unknown
librxm-fi.so       00001479D6016F47  Unknown               Unknown  Unknown
libmpi.so.12.0.0   0000147B2235FB30  Unknown               Unknown  Unknown
libmpi.so.12.0.0   0000147B21EAED19  Unknown               Unknown  Unknown
libmpi.so.12.0.0   0000147B21EAEA56  Unknown               Unknown  Unknown
libmpi.so.12.0.0   0000147B22527E8E  Unknown               Unknown  Unknown
libmpi.so.12.0.0   0000147B22095DEA  Unknown               Unknown  Unknown
libmpi.so.12.0.0   0000147B21DCF9A1  Unknown               Unknown  Unknown
libmpi.so.12.0.0   0000147B21DD0BD9  Unknown               Unknown  Unknown
libmpi.so.12.0.0   0000147B21E21820  Unknown               Unknown  Unknown
libmpi.so.12.0.0   0000147B21E007EC  Unknown               Unknown  Unknown
libmpi.so.12.0.0   0000147B21F434DF  Unknown               Unknown  Unknown
libmpi.so.12.0.0   0000147B21DD1405  PMPI_Alltoallv        Unknown  Unknown
libmpifort.so.12.  0000147B235A1DDA  pmpi_alltoallv__      Unknown  Unknown
kvasp541           000000000040CF4E  Unknown               Unknown  Unknown
kvasp541           0000000001231870  Unknown               Unknown  Unknown
kvasp541           000000000122830D  Unknown               Unknown  Unknown
kvasp541           0000000001228F50  Unknown               Unknown  Unknown
kvasp541           0000000000A30D4D  Unknown               Unknown  Unknown
kvasp541           0000000000CFE67B  Unknown               Unknown  Unknown
kvasp541           0000000000D22385  Unknown               Unknown  Unknown
kvasp541           000000000127B32E  Unknown               Unknown  Unknown
kvasp541           0000000000409742  Unknown               Unknown  Unknown
libc-2.27.so       0000147B20EF6C87  __libc_start_main     Unknown  Unknown
kvasp541           000000000040962A  Unknown               Unknown  Unknown
forrtl: error (78): process killed (SIGTERM)
Image              PC                Routine            Line        Source             
kvasp541           000000000142EB54  Unknown               Unknown  Unknown
libpthread-2.27.s  000014B046EEB980  Unknown               Unknown  Unknown
libc-2.27.so       000014B04686B907  epoll_wait            Unknown  Unknown
libtcp-fi.so       000014AEFBF6B191  Unknown               Unknown  Unknown
libtcp-fi.so       000014AEFBF711EE  Unknown               Unknown  Unknown
librxm-fi.so       000014AEFB8663FC  Unknown               Unknown  Unknown
librxm-fi.so       000014AEFB8712B9  Unknown               Unknown  Unknown
librxm-fi.so       000014AEFB8713C9  Unknown               Unknown  Unknown
librxm-fi.so       000014AEFB88BFBD  Unknown               Unknown  Unknown
librxm-fi.so       000014AEFB88BF47  Unknown               Unknown  Unknown
libmpi.so.12.0.0   000014B047BD4B30  Unknown               Unknown  Unknown
libmpi.so.12.0.0   000014B047723D19  Unknown               Unknown  Unknown
libmpi.so.12.0.0   000014B047723A56  Unknown               Unknown  Unknown
libmpi.so.12.0.0   000014B047DA08C0  Unknown               Unknown  Unknown
libmpi.so.12.0.0   000014B0478F61C7  Unknown               Unknown  Unknown
libmpi.so.12.0.0   000014B0478EE9F0  Unknown               Unknown  Unknown
libmpi.so.12.0.0   000014B04760CC55  Unknown               Unknown  Unknown
libmpi.so.12.0.0   000014B04767ECCD  Unknown               Unknown  Unknown
libmpi.so.12.0.0   000014B04769DA60  Unknown               Unknown  Unknown
libmpi.so.12.0.0   000014B0476757EC  Unknown               Unknown  Unknown
libmpi.so.12.0.0   000014B0477B8387  Unknown               Unknown  Unknown
libmpi.so.12.0.0   000014B0476136E1  PMPI_Allreduce        Unknown  Unknown
libmpifort.so.12.  000014B048E16A50  mpi_allreduce_        Unknown  Unknown
kvasp541           000000000040FF1F  Unknown               Unknown  Unknown
kvasp541           000000000054DB1D  Unknown               Unknown  Unknown
kvasp541           00000000005E68A5  Unknown               Unknown  Unknown
kvasp541           0000000000A3104E  Unknown               Unknown  Unknown
kvasp541           0000000000CFE67B  Unknown               Unknown  Unknown
kvasp541           0000000000D22385  Unknown               Unknown  Unknown
kvasp541           000000000127B32E  Unknown               Unknown  Unknown
kvasp541           0000000000409742  Unknown               Unknown  Unknown
libc-2.27.so       000014B04676BC87  __libc_start_main     Unknown  Unknown
kvasp541           000000000040962A  Unknown               Unknown  Unknown
forrtl: error (78): process killed (SIGTERM)
Image              PC                Routine            Line        Source             
kvasp541           000000000142EB54  Unknown               Unknown  Unknown
libpthread-2.27.s  00001457EE0B5980  Unknown               Unknown  Unknown
libc-2.27.so       00001457EDA28B84  __poll                Unknown  Unknown
libtcp-fi.so       00001456A31418C9  Unknown               Unknown  Unknown
libtcp-fi.so       00001456A313ADA5  Unknown               Unknown  Unknown
libtcp-fi.so       00001456A3152437  Unknown               Unknown  Unknown
librxm-fi.so       00001456A2A3B25E  Unknown               Unknown  Unknown
librxm-fi.so       00001456A2A3B3C9  Unknown               Unknown  Unknown
librxm-fi.so       00001456A2A55FBD  Unknown               Unknown  Unknown
librxm-fi.so       00001456A2A55F47  Unknown               Unknown  Unknown
libmpi.so.12.0.0   00001457EED9EB30  Unknown               Unknown  Unknown
libmpi.so.12.0.0   00001457EE8EDD19  Unknown               Unknown  Unknown
libmpi.so.12.0.0   00001457EE8EDA56  Unknown               Unknown  Unknown
libmpi.so.12.0.0   00001457EEF66E8E  Unknown               Unknown  Unknown
libmpi.so.12.0.0   00001457EEAD4DEA  Unknown               Unknown  Unknown
libmpi.so.12.0.0   00001457EE80E9A1  Unknown               Unknown  Unknown
libmpi.so.12.0.0   00001457EE80FBD9  Unknown               Unknown  Unknown
libmpi.so.12.0.0   00001457EE860820  Unknown               Unknown  Unknown
libmpi.so.12.0.0   00001457EE83F7EC  Unknown               Unknown  Unknown
libmpi.so.12.0.0   00001457EE9824DF  Unknown               Unknown  Unknown
libmpi.so.12.0.0   00001457EE810405  PMPI_Alltoallv        Unknown  Unknown
libmpifort.so.12.  00001457EFFE0DDA  pmpi_alltoallv__      Unknown  Unknown
kvasp541           000000000040CF4E  Unknown               Unknown  Unknown
kvasp541           0000000001231870  Unknown               Unknown  Unknown
kvasp541           000000000122830D  Unknown               Unknown  Unknown
kvasp541           0000000001228F50  Unknown               Unknown  Unknown
kvasp541           0000000000A30D4D  Unknown               Unknown  Unknown
kvasp541           0000000000CFE67B  Unknown               Unknown  Unknown
kvasp541           0000000000D22385  Unknown               Unknown  Unknown
kvasp541           000000000127B32E  Unknown               Unknown  Unknown
kvasp541           0000000000409742  Unknown               Unknown  Unknown
libc-2.27.so       00001457ED935C87  __libc_start_main     Unknown  Unknown
kvasp541           000000000040962A  Unknown               Unknown  Unknown
forrtl: error (78): process killed (SIGTERM)
Image              PC                Routine            Line        Source             
kvasp541           000000000142EB54  Unknown               Unknown  Unknown
libpthread-2.27.s  000014B31DC4D980  Unknown               Unknown  Unknown
libc-2.27.so       000014B31D5C0B84  __poll                Unknown  Unknown
libtcp-fi.so       000014B1D2CD98C9  Unknown               Unknown  Unknown
libtcp-fi.so       000014B1D2CD2DA5  Unknown               Unknown  Unknown
libtcp-fi.so       000014B1D2CEA437  Unknown               Unknown  Unknown
librxm-fi.so       000014B1D25D325E  Unknown               Unknown  Unknown
librxm-fi.so       000014B1D25D33C9  Unknown               Unknown  Unknown
librxm-fi.so       000014B1D25EDFBD  Unknown               Unknown  Unknown
librxm-fi.so       000014B1D25EDF47  Unknown               Unknown  Unknown
libmpi.so.12.0.0   000014B31E936B30  Unknown               Unknown  Unknown
libmpi.so.12.0.0   000014B31E485D19  Unknown               Unknown  Unknown
libmpi.so.12.0.0   000014B31E485A56  Unknown               Unknown  Unknown
libmpi.so.12.0.0   000014B31EB028C0  Unknown               Unknown  Unknown
libmpi.so.12.0.0   000014B31E6581C7  Unknown               Unknown  Unknown
libmpi.so.12.0.0   000014B31E6509F0  Unknown               Unknown  Unknown
libmpi.so.12.0.0   000014B31E36EC55  Unknown               Unknown  Unknown
libmpi.so.12.0.0   000014B31E3E0CCD  Unknown               Unknown  Unknown
libmpi.so.12.0.0   000014B31E3FFA60  Unknown               Unknown  Unknown
libmpi.so.12.0.0   000014B31E3D77EC  Unknown               Unknown  Unknown
libmpi.so.12.0.0   000014B31E51A387  Unknown               Unknown  Unknown
libmpi.so.12.0.0   000014B31E3756E1  PMPI_Allreduce        Unknown  Unknown
libmpifort.so.12.  000014B31FB78A50  mpi_allreduce_        Unknown  Unknown
kvasp541           000000000040FF1F  Unknown               Unknown  Unknown
kvasp541           00000000005FAFE3  Unknown               Unknown  Unknown
kvasp541           0000000000A30CFE  Unknown               Unknown  Unknown
kvasp541           0000000000CFE67B  Unknown               Unknown  Unknown
kvasp541           0000000000D22385  Unknown               Unknown  Unknown
kvasp541           000000000127B32E  Unknown               Unknown  Unknown
kvasp541           0000000000409742  Unknown               Unknown  Unknown
libc-2.27.so       000014B31D4CDC87  __libc_start_main     Unknown  Unknown
kvasp541           000000000040962A  Unknown               Unknown  Unknown
forrtl: error (78): process killed (SIGTERM)
Image              PC                Routine            Line        Source             
kvasp541           000000000142EB54  Unknown               Unknown  Unknown
libpthread-2.27.s  000014EB7CB52980  Unknown               Unknown  Unknown
libc-2.27.so       000014EB7C4C5B84  __poll                Unknown  Unknown
libtcp-fi.so       000014EA31BDE8C9  Unknown               Unknown  Unknown
libtcp-fi.so       000014EA31BD7DA5  Unknown               Unknown  Unknown
libtcp-fi.so       000014EA31BEF437  Unknown               Unknown  Unknown
librxm-fi.so       000014EA314D825E  Unknown               Unknown  Unknown
librxm-fi.so       000014EA314D83C9  Unknown               Unknown  Unknown
librxm-fi.so       000014EA314F2FBD  Unknown               Unknown  Unknown
librxm-fi.so       000014EA314F2F47  Unknown               Unknown  Unknown
libmpi.so.12.0.0   000014EB7D83BB30  Unknown               Unknown  Unknown
libmpi.so.12.0.0   000014EB7D38AD19  Unknown               Unknown  Unknown
libmpi.so.12.0.0   000014EB7D38AA56  Unknown               Unknown  Unknown
libmpi.so.12.0.0   000014EB7DA078C0  Unknown               Unknown  Unknown
libmpi.so.12.0.0   000014EB7D55D1C7  Unknown               Unknown  Unknown
libmpi.so.12.0.0   000014EB7D5559F0  Unknown               Unknown  Unknown
libmpi.so.12.0.0   000014EB7D273C55  Unknown               Unknown  Unknown
libmpi.so.12.0.0   000014EB7D2E5CCD  Unknown               Unknown  Unknown
libmpi.so.12.0.0   000014EB7D304A60  Unknown               Unknown  Unknown
libmpi.so.12.0.0   000014EB7D2DC7EC  Unknown               Unknown  Unknown
libmpi.so.12.0.0   000014EB7D41F387  Unknown               Unknown  Unknown
libmpi.so.12.0.0   000014EB7D27A6E1  PMPI_Allreduce        Unknown  Unknown
libmpifort.so.12.  000014EB7EA7DA50  mpi_allreduce_        Unknown  Unknown
kvasp541           000000000040FF1F  Unknown               Unknown  Unknown
kvasp541           000000000054DB1D  Unknown               Unknown  Unknown
kvasp541           00000000005E68A5  Unknown               Unknown  Unknown
kvasp541           0000000000A3104E  Unknown               Unknown  Unknown
kvasp541           0000000000CFE67B  Unknown               Unknown  Unknown
kvasp541           0000000000D22385  Unknown               Unknown  Unknown
kvasp541           000000000127B32E  Unknown               Unknown  Unknown
kvasp541           0000000000409742  Unknown               Unknown  Unknown
libc-2.27.so       000014EB7C3D2C87  __libc_start_main     Unknown  Unknown
kvasp541           000000000040962A  Unknown               Unknown  Unknown
forrtl: error (78): process killed (SIGTERM)
Image              PC                Routine            Line        Source             
kvasp541           000000000142EB54  Unknown               Unknown  Unknown
libpthread-2.27.s  000014BA5D303980  Unknown               Unknown  Unknown
libc-2.27.so       000014BA5CC76B84  __poll                Unknown  Unknown
libtcp-fi.so       000014B91238F8C9  Unknown               Unknown  Unknown
libtcp-fi.so       000014B912388DA5  Unknown               Unknown  Unknown
libtcp-fi.so       000014B9123A0437  Unknown               Unknown  Unknown
librxm-fi.so       000014B911C8925E  Unknown               Unknown  Unknown
librxm-fi.so       000014B911C893C9  Unknown               Unknown  Unknown
librxm-fi.so       000014B911CA3FBD  Unknown               Unknown  Unknown
librxm-fi.so       000014B911CA3F47  Unknown               Unknown  Unknown
libmpi.so.12.0.0   000014BA5DFECB30  Unknown               Unknown  Unknown
libmpi.so.12.0.0   000014BA5DB3BD19  Unknown               Unknown  Unknown
libmpi.so.12.0.0   000014BA5DB3BA56  Unknown               Unknown  Unknown
libmpi.so.12.0.0   000014BA5E1B88C0  Unknown               Unknown  Unknown
libmpi.so.12.0.0   000014BA5DD0E1C7  Unknown               Unknown  Unknown
libmpi.so.12.0.0   000014BA5DD069F0  Unknown               Unknown  Unknown
libmpi.so.12.0.0   000014BA5DA24C55  Unknown               Unknown  Unknown
libmpi.so.12.0.0   000014BA5DA96CCD  Unknown               Unknown  Unknown
libmpi.so.12.0.0   000014BA5DAB5A60  Unknown               Unknown  Unknown
libmpi.so.12.0.0   000014BA5DA8D7EC  Unknown               Unknown  Unknown
libmpi.so.12.0.0   000014BA5DBD0387  Unknown               Unknown  Unknown
libmpi.so.12.0.0   000014BA5DA2B6E1  PMPI_Allreduce        Unknown  Unknown
libmpifort.so.12.  000014BA5F22EA50  mpi_allreduce_        Unknown  Unknown
kvasp541           000000000040FF1F  Unknown               Unknown  Unknown
kvasp541           000000000054DB1D  Unknown               Unknown  Unknown
kvasp541           00000000005E68A5  Unknown               Unknown  Unknown
kvasp541           0000000000A3104E  Unknown               Unknown  Unknown
kvasp541           0000000000CFE67B  Unknown               Unknown  Unknown
kvasp541           0000000000D22385  Unknown               Unknown  Unknown
kvasp541           000000000127B32E  Unknown               Unknown  Unknown
kvasp541           0000000000409742  Unknown               Unknown  Unknown
libc-2.27.so       000014BA5CB83C87  __libc_start_main     Unknown  Unknown
kvasp541           000000000040962A  Unknown               Unknown  Unknown
forrtl: error (78): process killed (SIGTERM)
Image              PC                Routine            Line        Source             
kvasp541           000000000142EB54  Unknown               Unknown  Unknown
libpthread-2.27.s  000014C54F9DE980  Unknown               Unknown  Unknown
libc-2.27.so       000014C54F351B84  __poll                Unknown  Unknown
libtcp-fi.so       000014C404A6A8C9  Unknown               Unknown  Unknown
libtcp-fi.so       000014C404A63DA5  Unknown               Unknown  Unknown
libtcp-fi.so       000014C404A7B437  Unknown               Unknown  Unknown
librxm-fi.so       000014C40436425E  Unknown               Unknown  Unknown
librxm-fi.so       000014C4043643C9  Unknown               Unknown  Unknown
librxm-fi.so       000014C40437EFBD  Unknown               Unknown  Unknown
librxm-fi.so       000014C40437EF47  Unknown               Unknown  Unknown
libmpi.so.12.0.0   000014C5506C7B30  Unknown               Unknown  Unknown
libmpi.so.12.0.0   000014C550216D19  Unknown               Unknown  Unknown
libmpi.so.12.0.0   000014C550216A56  Unknown               Unknown  Unknown
libmpi.so.12.0.0   000014C5508938C0  Unknown               Unknown  Unknown
libmpi.so.12.0.0   000014C5503D85E8  Unknown               Unknown  Unknown
libmpi.so.12.0.0   000014C550143072  Unknown               Unknown  Unknown
libmpi.so.12.0.0   000014C55014B1D2  Unknown               Unknown  Unknown
libmpi.so.12.0.0   000014C5502AAF9D  Unknown               Unknown  Unknown
libmpi.so.12.0.0   000014C5502B551F  Unknown               Unknown  Unknown
libmpi.so.12.0.0   000014C550168737  Unknown               Unknown  Unknown
libmpi.so.12.0.0   000014C5502AB4DF  Unknown               Unknown  Unknown
libmpi.so.12.0.0   000014C550139405  PMPI_Alltoallv        Unknown  Unknown
libmpifort.so.12.  000014C551909DDA  pmpi_alltoallv__      Unknown  Unknown
kvasp541           000000000040CF4E  Unknown               Unknown  Unknown
kvasp541           0000000001231870  Unknown               Unknown  Unknown
kvasp541           000000000122830D  Unknown               Unknown  Unknown
kvasp541           0000000001228F50  Unknown               Unknown  Unknown
kvasp541           0000000000A30D4D  Unknown               Unknown  Unknown
kvasp541           0000000000CFE67B  Unknown               Unknown  Unknown
kvasp541           0000000000D22385  Unknown               Unknown  Unknown
kvasp541           000000000127B32E  Unknown               Unknown  Unknown
kvasp541           0000000000409742  Unknown               Unknown  Unknown
libc-2.27.so       000014C54F25EC87  __libc_start_main     Unknown  Unknown
kvasp541           000000000040962A  Unknown               Unknown  Unknown
forrtl: error (78): process killed (SIGTERM)
Image              PC                Routine            Line        Source             
kvasp541           000000000142EB54  Unknown               Unknown  Unknown
libpthread-2.27.s  0000145FD3105980  Unknown               Unknown  Unknown
libc-2.27.so       0000145FD2A85907  epoll_wait            Unknown  Unknown
libtcp-fi.so       0000145E88185191  Unknown               Unknown  Unknown
libtcp-fi.so       0000145E8818B1EE  Unknown               Unknown  Unknown
librxm-fi.so       0000145E87A803FC  Unknown               Unknown  Unknown
librxm-fi.so       0000145E87A8B2B9  Unknown               Unknown  Unknown
librxm-fi.so       0000145E87A8B3C9  Unknown               Unknown  Unknown
librxm-fi.so       0000145E87AA5FBD  Unknown               Unknown  Unknown
librxm-fi.so       0000145E87AA5F47  Unknown               Unknown  Unknown
libmpi.so.12.0.0   0000145FD3DEEB30  Unknown               Unknown  Unknown
libmpi.so.12.0.0   0000145FD393DD19  Unknown               Unknown  Unknown
libmpi.so.12.0.0   0000145FD393DA56  Unknown               Unknown  Unknown
libmpi.so.12.0.0   0000145FD3FBA8C0  Unknown               Unknown  Unknown
libmpi.so.12.0.0   0000145FD3AFF5E8  Unknown               Unknown  Unknown
libmpi.so.12.0.0   0000145FD386A072  Unknown               Unknown  Unknown
libmpi.so.12.0.0   0000145FD38721D2  Unknown               Unknown  Unknown
libmpi.so.12.0.0   0000145FD39D1F9D  Unknown               Unknown  Unknown
libmpi.so.12.0.0   0000145FD39DC51F  Unknown               Unknown  Unknown
libmpi.so.12.0.0   0000145FD388F737  Unknown               Unknown  Unknown
libmpi.so.12.0.0   0000145FD39D24DF  Unknown               Unknown  Unknown
libmpi.so.12.0.0   0000145FD3860405  PMPI_Alltoallv        Unknown  Unknown
libmpifort.so.12.  0000145FD5030DDA  pmpi_alltoallv__      Unknown  Unknown
kvasp541           000000000040CF4E  Unknown               Unknown  Unknown
kvasp541           0000000001231870  Unknown               Unknown  Unknown
kvasp541           000000000122830D  Unknown               Unknown  Unknown
kvasp541           0000000001228F50  Unknown               Unknown  Unknown
kvasp541           0000000000A30D4D  Unknown               Unknown  Unknown
kvasp541           0000000000CFE67B  Unknown               Unknown  Unknown
kvasp541           0000000000D22385  Unknown               Unknown  Unknown
kvasp541           000000000127B32E  Unknown               Unknown  Unknown
kvasp541           0000000000409742  Unknown               Unknown  Unknown
libc-2.27.so       0000145FD2985C87  __libc_start_main     Unknown  Unknown
kvasp541           000000000040962A  Unknown               Unknown  Unknown
forrtl: error (78): process killed (SIGTERM)
Image              PC                Routine            Line        Source             
kvasp541           000000000142EB54  Unknown               Unknown  Unknown
libpthread-2.27.s  00001511EBB87980  Unknown               Unknown  Unknown
libc-2.27.so       00001511EB4FAB84  __poll                Unknown  Unknown
libtcp-fi.so       00001510A0C138C9  Unknown               Unknown  Unknown
libtcp-fi.so       00001510A0C0CDA5  Unknown               Unknown  Unknown
libtcp-fi.so       00001510A0C24437  Unknown               Unknown  Unknown
librxm-fi.so       00001510A050D25E  Unknown               Unknown  Unknown
librxm-fi.so       00001510A050D3C9  Unknown               Unknown  Unknown
librxm-fi.so       00001510A0527FBD  Unknown               Unknown  Unknown
librxm-fi.so       00001510A0527F47  Unknown               Unknown  Unknown
libmpi.so.12.0.0   00001511EC870B30  Unknown               Unknown  Unknown
libmpi.so.12.0.0   00001511EC3BFD19  Unknown               Unknown  Unknown
libmpi.so.12.0.0   00001511EC3BFA56  Unknown               Unknown  Unknown
libmpi.so.12.0.0   00001511ECA3C8C0  Unknown               Unknown  Unknown
libmpi.so.12.0.0   00001511EC5921C7  Unknown               Unknown  Unknown
libmpi.so.12.0.0   00001511EC58A9F0  Unknown               Unknown  Unknown
libmpi.so.12.0.0   00001511EC2A8C55  Unknown               Unknown  Unknown
libmpi.so.12.0.0   00001511EC31ACCD  Unknown               Unknown  Unknown
libmpi.so.12.0.0   00001511EC339A60  Unknown               Unknown  Unknown
libmpi.so.12.0.0   00001511EC3117EC  Unknown               Unknown  Unknown
libmpi.so.12.0.0   00001511EC454387  Unknown               Unknown  Unknown
libmpi.so.12.0.0   00001511EC2AF6E1  PMPI_Allreduce        Unknown  Unknown
libmpifort.so.12.  00001511EDAB2A50  mpi_allreduce_        Unknown  Unknown
kvasp541           000000000040FF1F  Unknown               Unknown  Unknown
kvasp541           00000000005FAFE3  Unknown               Unknown  Unknown
kvasp541           0000000000A30CFE  Unknown               Unknown  Unknown
kvasp541           0000000000CFE67B  Unknown               Unknown  Unknown
kvasp541           0000000000D22385  Unknown               Unknown  Unknown
kvasp541           000000000127B32E  Unknown               Unknown  Unknown
kvasp541           0000000000409742  Unknown               Unknown  Unknown
libc-2.27.so       00001511EB407C87  __libc_start_main     Unknown  Unknown
kvasp541           000000000040962A  Unknown               Unknown  Unknown
forrtl: error (78): process killed (SIGTERM)
Image              PC                Routine            Line        Source             
kvasp541           000000000142EB54  Unknown               Unknown  Unknown
libpthread-2.27.s  00001526F0EAC980  Unknown               Unknown  Unknown
libc-2.27.so       00001526F081FB84  __poll                Unknown  Unknown
libtcp-fi.so       00001525A5F388C9  Unknown               Unknown  Unknown
libtcp-fi.so       00001525A5F31DA5  Unknown               Unknown  Unknown
libtcp-fi.so       00001525A5F49437  Unknown               Unknown  Unknown
librxm-fi.so       00001525A583225E  Unknown               Unknown  Unknown
librxm-fi.so       00001525A58323C9  Unknown               Unknown  Unknown
librxm-fi.so       00001525A584CFBD  Unknown               Unknown  Unknown
librxm-fi.so       00001525A584CF47  Unknown               Unknown  Unknown
libmpi.so.12.0.0   00001526F1B95B30  Unknown               Unknown  Unknown
libmpi.so.12.0.0   00001526F16E4D19  Unknown               Unknown  Unknown
libmpi.so.12.0.0   00001526F16E4A56  Unknown               Unknown  Unknown
libmpi.so.12.0.0   00001526F1D618C0  Unknown               Unknown  Unknown
libmpi.so.12.0.0   00001526F18B71C7  Unknown               Unknown  Unknown
libmpi.so.12.0.0   00001526F18AF9F0  Unknown               Unknown  Unknown
libmpi.so.12.0.0   00001526F15CB2CB  Unknown               Unknown  Unknown
libmpi.so.12.0.0   00001526F163FCFB  Unknown               Unknown  Unknown
libmpi.so.12.0.0   00001526F165EA60  Unknown               Unknown  Unknown
libmpi.so.12.0.0   00001526F16367EC  Unknown               Unknown  Unknown
libmpi.so.12.0.0   00001526F1779387  Unknown               Unknown  Unknown
libmpi.so.12.0.0   00001526F15D46E1  PMPI_Allreduce        Unknown  Unknown
libmpifort.so.12.  00001526F2DD7A50  mpi_allreduce_        Unknown  Unknown
kvasp541           000000000040FF1F  Unknown               Unknown  Unknown
kvasp541           0000000000825458  Unknown               Unknown  Unknown
kvasp541           0000000000824466  Unknown               Unknown  Unknown
kvasp541           0000000000A30AD8  Unknown               Unknown  Unknown
kvasp541           0000000000CFE67B  Unknown               Unknown  Unknown
kvasp541           0000000000D22385  Unknown               Unknown  Unknown
kvasp541           000000000127B32E  Unknown               Unknown  Unknown
kvasp541           0000000000409742  Unknown               Unknown  Unknown
libc-2.27.so       00001526F072CC87  __libc_start_main     Unknown  Unknown
kvasp541           000000000040962A  Unknown               Unknown  Unknown
forrtl: error (78): process killed (SIGTERM)
Image              PC                Routine            Line        Source             
kvasp541           000000000142EB54  Unknown               Unknown  Unknown
libpthread-2.27.s  00001531CA47C980  Unknown               Unknown  Unknown
libc-2.27.so       00001531C9DFC907  epoll_wait            Unknown  Unknown
libtcp-fi.so       000015307F4FC191  Unknown               Unknown  Unknown
libtcp-fi.so       000015307F5021EE  Unknown               Unknown  Unknown
librxm-fi.so       000015307EDF73FC  Unknown               Unknown  Unknown
librxm-fi.so       000015307EE022B9  Unknown               Unknown  Unknown
librxm-fi.so       000015307EE023C9  Unknown               Unknown  Unknown
librxm-fi.so       000015307EE1CFBD  Unknown               Unknown  Unknown
librxm-fi.so       000015307EE1CF47  Unknown               Unknown  Unknown
libmpi.so.12.0.0   00001531CB165B30  Unknown               Unknown  Unknown
libmpi.so.12.0.0   00001531CACB4D19  Unknown               Unknown  Unknown
libmpi.so.12.0.0   00001531CACB4A56  Unknown               Unknown  Unknown
libmpi.so.12.0.0   00001531CB3318C0  Unknown               Unknown  Unknown
libmpi.so.12.0.0   00001531CAE871C7  Unknown               Unknown  Unknown
libmpi.so.12.0.0   00001531CAE7F9F0  Unknown               Unknown  Unknown
libmpi.so.12.0.0   00001531CAB9B2CB  Unknown               Unknown  Unknown
libmpi.so.12.0.0   00001531CAC0FCFB  Unknown               Unknown  Unknown
libmpi.so.12.0.0   00001531CAC2EA60  Unknown               Unknown  Unknown
libmpi.so.12.0.0   00001531CAC067EC  Unknown               Unknown  Unknown
libmpi.so.12.0.0   00001531CAD49387  Unknown               Unknown  Unknown
libmpi.so.12.0.0   00001531CABA46E1  PMPI_Allreduce        Unknown  Unknown
libmpifort.so.12.  00001531CC3A7A50  mpi_allreduce_        Unknown  Unknown
kvasp541           000000000040FF1F  Unknown               Unknown  Unknown
kvasp541           0000000000825458  Unknown               Unknown  Unknown
kvasp541           0000000000824466  Unknown               Unknown  Unknown
kvasp541           0000000000A30AD8  Unknown               Unknown  Unknown
kvasp541           0000000000CFE67B  Unknown               Unknown  Unknown
kvasp541           0000000000D22385  Unknown               Unknown  Unknown
kvasp541           000000000127B32E  Unknown               Unknown  Unknown
kvasp541           0000000000409742  Unknown               Unknown  Unknown
libc-2.27.so       00001531C9CFCC87  __libc_start_main     Unknown  Unknown
kvasp541           000000000040962A  Unknown               Unknown  Unknown
forrtl: error (78): process killed (SIGTERM)
Image              PC                Routine            Line        Source             
kvasp541           000000000142EB54  Unknown               Unknown  Unknown
libpthread-2.27.s  000014774ADBA980  Unknown               Unknown  Unknown
libc-2.27.so       000014774A72DB84  __poll                Unknown  Unknown
libtcp-fi.so       00001475FFE468C9  Unknown               Unknown  Unknown
libtcp-fi.so       00001475FFE3FDA5  Unknown               Unknown  Unknown
libtcp-fi.so       00001475FFE57437  Unknown               Unknown  Unknown
librxm-fi.so       00001475FF74025E  Unknown               Unknown  Unknown
librxm-fi.so       00001475FF7403C9  Unknown               Unknown  Unknown
librxm-fi.so       00001475FF75AFBD  Unknown               Unknown  Unknown
librxm-fi.so       00001475FF75AF47  Unknown               Unknown  Unknown
libmpi.so.12.0.0   000014774BAA3B30  Unknown               Unknown  Unknown
libmpi.so.12.0.0   000014774B5F2D19  Unknown               Unknown  Unknown
libmpi.so.12.0.0   000014774B5F2A56  Unknown               Unknown  Unknown
libmpi.so.12.0.0   000014774BC6F8C0  Unknown               Unknown  Unknown
libmpi.so.12.0.0   000014774B7B45E8  Unknown               Unknown  Unknown
libmpi.so.12.0.0   000014774B51F072  Unknown               Unknown  Unknown
libmpi.so.12.0.0   000014774B5271D2  Unknown               Unknown  Unknown
libmpi.so.12.0.0   000014774B686F9D  Unknown               Unknown  Unknown
libmpi.so.12.0.0   000014774B69151F  Unknown               Unknown  Unknown
libmpi.so.12.0.0   000014774B544737  Unknown               Unknown  Unknown
libmpi.so.12.0.0   000014774B6874DF  Unknown               Unknown  Unknown
libmpi.so.12.0.0   000014774B515405  PMPI_Alltoallv        Unknown  Unknown
libmpifort.so.12.  000014774CCE5DDA  pmpi_alltoallv__      Unknown  Unknown
kvasp541           000000000040CF4E  Unknown               Unknown  Unknown
kvasp541           0000000001231870  Unknown               Unknown  Unknown
kvasp541           000000000122830D  Unknown               Unknown  Unknown
kvasp541           0000000001228F50  Unknown               Unknown  Unknown
kvasp541           0000000000A30D4D  Unknown               Unknown  Unknown
kvasp541           0000000000CFE67B  Unknown               Unknown  Unknown
kvasp541           0000000000D22385  Unknown               Unknown  Unknown
kvasp541           000000000127B32E  Unknown               Unknown  Unknown
kvasp541           0000000000409742  Unknown               Unknown  Unknown
libc-2.27.so       000014774A63AC87  __libc_start_main     Unknown  Unknown
kvasp541           000000000040962A  Unknown               Unknown  Unknown
forrtl: error (78): process killed (SIGTERM)
Image              PC                Routine            Line        Source             
kvasp541           000000000142EB54  Unknown               Unknown  Unknown
libpthread-2.27.s  000014C4994DB980  Unknown               Unknown  Unknown
libc-2.27.so       000014C498E4EB84  __poll                Unknown  Unknown
libtcp-fi.so       000014C34E5678C9  Unknown               Unknown  Unknown
libtcp-fi.so       000014C34E560DA5  Unknown               Unknown  Unknown
libtcp-fi.so       000014C34E578437  Unknown               Unknown  Unknown
librxm-fi.so       000014C34DE6125E  Unknown               Unknown  Unknown
librxm-fi.so       000014C34DE613C9  Unknown               Unknown  Unknown
librxm-fi.so       000014C34DE7BFBD  Unknown               Unknown  Unknown
librxm-fi.so       000014C34DE7BF47  Unknown               Unknown  Unknown
libmpi.so.12.0.0   000014C49A1C4B30  Unknown               Unknown  Unknown
libmpi.so.12.0.0   000014C499D13D19  Unknown               Unknown  Unknown
libmpi.so.12.0.0   000014C499D13A56  Unknown               Unknown  Unknown
libmpi.so.12.0.0   000014C49A3908C0  Unknown               Unknown  Unknown
libmpi.so.12.0.0   000014C499EE61C7  Unknown               Unknown  Unknown
libmpi.so.12.0.0   000014C499EDE9F0  Unknown               Unknown  Unknown
libmpi.so.12.0.0   000014C499BFA2CB  Unknown               Unknown  Unknown
libmpi.so.12.0.0   000014C499C6ECFB  Unknown               Unknown  Unknown
libmpi.so.12.0.0   000014C499C8DA60  Unknown               Unknown  Unknown
libmpi.so.12.0.0   000014C499C657EC  Unknown               Unknown  Unknown
libmpi.so.12.0.0   000014C499DA8387  Unknown               Unknown  Unknown
libmpi.so.12.0.0   000014C499C036E1  PMPI_Allreduce        Unknown  Unknown
libmpifort.so.12.  000014C49B406A50  mpi_allreduce_        Unknown  Unknown
kvasp541           000000000040FF1F  Unknown               Unknown  Unknown
kvasp541           0000000000825458  Unknown               Unknown  Unknown
kvasp541           0000000000824466  Unknown               Unknown  Unknown
kvasp541           0000000000A30AD8  Unknown               Unknown  Unknown
kvasp541           0000000000CFE67B  Unknown               Unknown  Unknown
kvasp541           0000000000D22385  Unknown               Unknown  Unknown
kvasp541           000000000127B32E  Unknown               Unknown  Unknown
kvasp541           0000000000409742  Unknown               Unknown  Unknown
libc-2.27.so       000014C498D5BC87  __libc_start_main     Unknown  Unknown
kvasp541           000000000040962A  Unknown               Unknown  Unknown
forrtl: error (78): process killed (SIGTERM)
Image              PC                Routine            Line        Source             
kvasp541           000000000142EB54  Unknown               Unknown  Unknown
libpthread-2.27.s  000014E07771A980  Unknown               Unknown  Unknown
libc-2.27.so       000014E07708DB84  __poll                Unknown  Unknown
libtcp-fi.so       000014DF2C7A68C9  Unknown               Unknown  Unknown
libtcp-fi.so       000014DF2C79FDA5  Unknown               Unknown  Unknown
libtcp-fi.so       000014DF2C7B7437  Unknown               Unknown  Unknown
librxm-fi.so       000014DF2C0A025E  Unknown               Unknown  Unknown
librxm-fi.so       000014DF2C0A03C9  Unknown               Unknown  Unknown
librxm-fi.so       000014DF2C0BAFBD  Unknown               Unknown  Unknown
librxm-fi.so       000014DF2C0BAF47  Unknown               Unknown  Unknown
libmpi.so.12.0.0   000014E078403B30  Unknown               Unknown  Unknown
libmpi.so.12.0.0   000014E077F52D19  Unknown               Unknown  Unknown
libmpi.so.12.0.0   000014E077F52A56  Unknown               Unknown  Unknown
libmpi.so.12.0.0   000014E0785CF8C0  Unknown               Unknown  Unknown
libmpi.so.12.0.0   000014E0781251C7  Unknown               Unknown  Unknown
libmpi.so.12.0.0   000014E07811D9F0  Unknown               Unknown  Unknown
libmpi.so.12.0.0   000014E077E3BC55  Unknown               Unknown  Unknown
libmpi.so.12.0.0   000014E077EADCCD  Unknown               Unknown  Unknown
libmpi.so.12.0.0   000014E077ECCA60  Unknown               Unknown  Unknown
libmpi.so.12.0.0   000014E077EA47EC  Unknown               Unknown  Unknown
libmpi.so.12.0.0   000014E077FE7387  Unknown               Unknown  Unknown
libmpi.so.12.0.0   000014E077E426E1  PMPI_Allreduce        Unknown  Unknown
libmpifort.so.12.  000014E079645A50  mpi_allreduce_        Unknown  Unknown
kvasp541           000000000040FF1F  Unknown               Unknown  Unknown
kvasp541           000000000054DB1D  Unknown               Unknown  Unknown
kvasp541           00000000005E68A5  Unknown               Unknown  Unknown
kvasp541           0000000000A3104E  Unknown               Unknown  Unknown
kvasp541           0000000000CFE67B  Unknown               Unknown  Unknown
kvasp541           0000000000D22385  Unknown               Unknown  Unknown
kvasp541           000000000127B32E  Unknown               Unknown  Unknown
kvasp541           0000000000409742  Unknown               Unknown  Unknown
libc-2.27.so       000014E076F9AC87  __libc_start_main     Unknown  Unknown
kvasp541           000000000040962A  Unknown               Unknown  Unknown
forrtl: error (78): process killed (SIGTERM)
Image              PC                Routine            Line        Source             
kvasp541           000000000142EB54  Unknown               Unknown  Unknown
libpthread-2.27.s  0000145CB5EE0980  Unknown               Unknown  Unknown
libc-2.27.so       0000145CB5853B84  __poll                Unknown  Unknown
libtcp-fi.so       0000145B6AF6C8C9  Unknown               Unknown  Unknown
libtcp-fi.so       0000145B6AF65DA5  Unknown               Unknown  Unknown
libtcp-fi.so       0000145B6AF7D437  Unknown               Unknown  Unknown
librxm-fi.so       0000145B6A86625E  Unknown               Unknown  Unknown
librxm-fi.so       0000145B6A8663C9  Unknown               Unknown  Unknown
librxm-fi.so       0000145B6A880FBD  Unknown               Unknown  Unknown
librxm-fi.so       0000145B6A880F47  Unknown               Unknown  Unknown
libmpi.so.12.0.0   0000145CB6BC9B30  Unknown               Unknown  Unknown
libmpi.so.12.0.0   0000145CB6718D19  Unknown               Unknown  Unknown
libmpi.so.12.0.0   0000145CB6718A56  Unknown               Unknown  Unknown
libmpi.so.12.0.0   0000145CB6D958C0  Unknown               Unknown  Unknown
libmpi.so.12.0.0   0000145CB68EB1C7  Unknown               Unknown  Unknown
libmpi.so.12.0.0   0000145CB68E39F0  Unknown               Unknown  Unknown
libmpi.so.12.0.0   0000145CB6601C55  Unknown               Unknown  Unknown
libmpi.so.12.0.0   0000145CB6673CCD  Unknown               Unknown  Unknown
libmpi.so.12.0.0   0000145CB6692A60  Unknown               Unknown  Unknown
libmpi.so.12.0.0   0000145CB666A7EC  Unknown               Unknown  Unknown
libmpi.so.12.0.0   0000145CB67AD387  Unknown               Unknown  Unknown
libmpi.so.12.0.0   0000145CB66086E1  PMPI_Allreduce        Unknown  Unknown
libmpifort.so.12.  0000145CB7E0BA50  mpi_allreduce_        Unknown  Unknown
kvasp541           000000000040FF1F  Unknown               Unknown  Unknown
kvasp541           000000000054DB1D  Unknown               Unknown  Unknown
kvasp541           00000000005E68A5  Unknown               Unknown  Unknown
kvasp541           0000000000A3104E  Unknown               Unknown  Unknown
kvasp541           0000000000CFE67B  Unknown               Unknown  Unknown
kvasp541           0000000000D22385  Unknown               Unknown  Unknown
kvasp541           000000000127B32E  Unknown               Unknown  Unknown
kvasp541           0000000000409742  Unknown               Unknown  Unknown
libc-2.27.so       0000145CB5760C87  __libc_start_main     Unknown  Unknown
kvasp541           000000000040962A  Unknown               Unknown  Unknown
forrtl: error (78): process killed (SIGTERM)
Image              PC                Routine            Line        Source             
kvasp541           000000000142EB54  Unknown               Unknown  Unknown
libpthread-2.27.s  000014F889404980  Unknown               Unknown  Unknown
libc-2.27.so       000014F888D84907  epoll_wait            Unknown  Unknown
libtcp-fi.so       000014F73E484191  Unknown               Unknown  Unknown
libtcp-fi.so       000014F73E48A1EE  Unknown               Unknown  Unknown
librxm-fi.so       000014F73DD7F3FC  Unknown               Unknown  Unknown
librxm-fi.so       000014F73DD8A2B9  Unknown               Unknown  Unknown
librxm-fi.so       000014F73DD8A3C9  Unknown               Unknown  Unknown
librxm-fi.so       000014F73DDA4FBD  Unknown               Unknown  Unknown
librxm-fi.so       000014F73DDA4F47  Unknown               Unknown  Unknown
libmpi.so.12.0.0   000014F88A0EDB30  Unknown               Unknown  Unknown
libmpi.so.12.0.0   000014F889C3CD19  Unknown               Unknown  Unknown
libmpi.so.12.0.0   000014F889C3CA56  Unknown               Unknown  Unknown
libmpi.so.12.0.0   000014F88A2B98C0  Unknown               Unknown  Unknown
libmpi.so.12.0.0   000014F889DFE5E8  Unknown               Unknown  Unknown
libmpi.so.12.0.0   000014F889B69072  Unknown               Unknown  Unknown
libmpi.so.12.0.0   000014F889B711D2  Unknown               Unknown  Unknown
libmpi.so.12.0.0   000014F889CD0F9D  Unknown               Unknown  Unknown
libmpi.so.12.0.0   000014F889CDB51F  Unknown               Unknown  Unknown
libmpi.so.12.0.0   000014F889B8E737  Unknown               Unknown  Unknown
libmpi.so.12.0.0   000014F889CD14DF  Unknown               Unknown  Unknown
libmpi.so.12.0.0   000014F889B5F405  PMPI_Alltoallv        Unknown  Unknown
libmpifort.so.12.  000014F88B32FDDA  pmpi_alltoallv__      Unknown  Unknown
kvasp541           000000000040CF4E  Unknown               Unknown  Unknown
kvasp541           0000000001231870  Unknown               Unknown  Unknown
kvasp541           000000000122830D  Unknown               Unknown  Unknown
kvasp541           0000000001228F50  Unknown               Unknown  Unknown
kvasp541           0000000000A30D4D  Unknown               Unknown  Unknown
kvasp541           0000000000CFE67B  Unknown               Unknown  Unknown
kvasp541           0000000000D22385  Unknown               Unknown  Unknown
kvasp541           000000000127B32E  Unknown               Unknown  Unknown
kvasp541           0000000000409742  Unknown               Unknown  Unknown
libc-2.27.so       000014F888C84C87  __libc_start_main     Unknown  Unknown
kvasp541           000000000040962A  Unknown               Unknown  Unknown
forrtl: error (78): process killed (SIGTERM)
Image              PC                Routine            Line        Source             
kvasp541           000000000142EB54  Unknown               Unknown  Unknown
libpthread-2.27.s  0000151FEDC1D980  Unknown               Unknown  Unknown
libc-2.27.so       0000151FED590B84  __poll                Unknown  Unknown
libtcp-fi.so       0000151EA2CA98C9  Unknown               Unknown  Unknown
libtcp-fi.so       0000151EA2CA2DA5  Unknown               Unknown  Unknown
libtcp-fi.so       0000151EA2CBA437  Unknown               Unknown  Unknown
librxm-fi.so       0000151EA25A325E  Unknown               Unknown  Unknown
librxm-fi.so       0000151EA25A33C9  Unknown               Unknown  Unknown
librxm-fi.so       0000151EA25BDFBD  Unknown               Unknown  Unknown
librxm-fi.so       0000151EA25BDF47  Unknown               Unknown  Unknown
libmpi.so.12.0.0   0000151FEE906B30  Unknown               Unknown  Unknown
libmpi.so.12.0.0   0000151FEE455D19  Unknown               Unknown  Unknown
libmpi.so.12.0.0   0000151FEE455A56  Unknown               Unknown  Unknown
libmpi.so.12.0.0   0000151FEEAD28C0  Unknown               Unknown  Unknown
libmpi.so.12.0.0   0000151FEE6175E8  Unknown               Unknown  Unknown
libmpi.so.12.0.0   0000151FEE982970  Unknown               Unknown  Unknown
libmpi.so.12.0.0   0000151FEE98D0BC  Unknown               Unknown  Unknown
libmpi.so.12.0.0   0000151FEE4E9F32  Unknown               Unknown  Unknown
libmpi.so.12.0.0   0000151FEE4F451F  Unknown               Unknown  Unknown
libmpi.so.12.0.0   0000151FEE3A7737  Unknown               Unknown  Unknown
libmpi.so.12.0.0   0000151FEE4EA4DF  Unknown               Unknown  Unknown
libmpi.so.12.0.0   0000151FEE378405  PMPI_Alltoallv        Unknown  Unknown
libmpifort.so.12.  0000151FEFB48DDA  pmpi_alltoallv__      Unknown  Unknown
kvasp541           000000000040CF4E  Unknown               Unknown  Unknown
kvasp541           0000000001231870  Unknown               Unknown  Unknown
kvasp541           000000000122830D  Unknown               Unknown  Unknown
kvasp541           0000000001228F50  Unknown               Unknown  Unknown
kvasp541           0000000000A30D4D  Unknown               Unknown  Unknown
kvasp541           0000000000CFE67B  Unknown               Unknown  Unknown
kvasp541           0000000000D22385  Unknown               Unknown  Unknown
kvasp541           000000000127B32E  Unknown               Unknown  Unknown
kvasp541           0000000000409742  Unknown               Unknown  Unknown
libc-2.27.so       0000151FED49DC87  __libc_start_main     Unknown  Unknown
kvasp541           000000000040962A  Unknown               Unknown  Unknown
forrtl: error (78): process killed (SIGTERM)
Image              PC                Routine            Line        Source             
kvasp541           000000000142EB54  Unknown               Unknown  Unknown
libpthread-2.27.s  000014C0BCA74980  Unknown               Unknown  Unknown
libc-2.27.so       000014C0BC3E7B84  __poll                Unknown  Unknown
libtcp-fi.so       000014BF71B008C9  Unknown               Unknown  Unknown
libtcp-fi.so       000014BF71AF9DA5  Unknown               Unknown  Unknown
libtcp-fi.so       000014BF71B11437  Unknown               Unknown  Unknown
librxm-fi.so       000014BF713FA25E  Unknown               Unknown  Unknown
librxm-fi.so       000014BF713FA3C9  Unknown               Unknown  Unknown
librxm-fi.so       000014BF71414FBD  Unknown               Unknown  Unknown
librxm-fi.so       000014BF71414F47  Unknown               Unknown  Unknown
libmpi.so.12.0.0   000014C0BD75DB30  Unknown               Unknown  Unknown
libmpi.so.12.0.0   000014C0BD2ACD19  Unknown               Unknown  Unknown
libmpi.so.12.0.0   000014C0BD2ACA56  Unknown               Unknown  Unknown
libmpi.so.12.0.0   000014C0BD9298C0  Unknown               Unknown  Unknown
libmpi.so.12.0.0   000014C0BD46E5E8  Unknown               Unknown  Unknown
libmpi.so.12.0.0   000014C0BD1D9072  Unknown               Unknown  Unknown
libmpi.so.12.0.0   000014C0BD1E11D2  Unknown               Unknown  Unknown
libmpi.so.12.0.0   000014C0BD340F9D  Unknown               Unknown  Unknown
libmpi.so.12.0.0   000014C0BD34B51F  Unknown               Unknown  Unknown
libmpi.so.12.0.0   000014C0BD1FE737  Unknown               Unknown  Unknown
libmpi.so.12.0.0   000014C0BD3414DF  Unknown               Unknown  Unknown
libmpi.so.12.0.0   000014C0BD1CF405  PMPI_Alltoallv        Unknown  Unknown
libmpifort.so.12.  000014C0BE99FDDA  pmpi_alltoallv__      Unknown  Unknown
kvasp541           000000000040CF4E  Unknown               Unknown  Unknown
kvasp541           0000000001231870  Unknown               Unknown  Unknown
kvasp541           000000000122830D  Unknown               Unknown  Unknown
kvasp541           0000000001228F50  Unknown               Unknown  Unknown
kvasp541           0000000000A30D4D  Unknown               Unknown  Unknown
kvasp541           0000000000CFE67B  Unknown               Unknown  Unknown
kvasp541           0000000000D22385  Unknown               Unknown  Unknown
kvasp541           000000000127B32E  Unknown               Unknown  Unknown
kvasp541           0000000000409742  Unknown               Unknown  Unknown
libc-2.27.so       000014C0BC2F4C87  __libc_start_main     Unknown  Unknown
kvasp541           000000000040962A  Unknown               Unknown  Unknown
forrtl: error (78): process killed (SIGTERM)
Image              PC                Routine            Line        Source             
kvasp541           000000000142EB54  Unknown               Unknown  Unknown
libpthread-2.27.s  0000149428FAE980  Unknown               Unknown  Unknown
libc-2.27.so       0000149428921B84  __poll                Unknown  Unknown
libtcp-fi.so       00001492DE03A8C9  Unknown               Unknown  Unknown
libtcp-fi.so       00001492DE033DA5  Unknown               Unknown  Unknown
libtcp-fi.so       00001492DE04B437  Unknown               Unknown  Unknown
librxm-fi.so       00001492DD93425E  Unknown               Unknown  Unknown
librxm-fi.so       00001492DD9343C9  Unknown               Unknown  Unknown
librxm-fi.so       00001492DD94EFBD  Unknown               Unknown  Unknown
librxm-fi.so       00001492DD94EF47  Unknown               Unknown  Unknown
libmpi.so.12.0.0   0000149429C97B30  Unknown               Unknown  Unknown
libmpi.so.12.0.0   00001494297E6D19  Unknown               Unknown  Unknown
libmpi.so.12.0.0   00001494297E6A56  Unknown               Unknown  Unknown
libmpi.so.12.0.0   0000149429E638C0  Unknown               Unknown  Unknown
libmpi.so.12.0.0   00001494299B91C7  Unknown               Unknown  Unknown
libmpi.so.12.0.0   00001494299B19F0  Unknown               Unknown  Unknown
libmpi.so.12.0.0   00001494296CFC55  Unknown               Unknown  Unknown
libmpi.so.12.0.0   0000149429741CCD  Unknown               Unknown  Unknown
libmpi.so.12.0.0   0000149429760A60  Unknown               Unknown  Unknown
libmpi.so.12.0.0   00001494297387EC  Unknown               Unknown  Unknown
libmpi.so.12.0.0   000014942987B387  Unknown               Unknown  Unknown
libmpi.so.12.0.0   00001494296D66E1  PMPI_Allreduce        Unknown  Unknown
libmpifort.so.12.  000014942AED9A50  mpi_allreduce_        Unknown  Unknown
kvasp541           000000000040FF1F  Unknown               Unknown  Unknown
kvasp541           000000000054DB1D  Unknown               Unknown  Unknown
kvasp541           00000000005E68A5  Unknown               Unknown  Unknown
kvasp541           0000000000A3104E  Unknown               Unknown  Unknown
kvasp541           0000000000CFE67B  Unknown               Unknown  Unknown
kvasp541           0000000000D22385  Unknown               Unknown  Unknown
kvasp541           000000000127B32E  Unknown               Unknown  Unknown
kvasp541           0000000000409742  Unknown               Unknown  Unknown
libc-2.27.so       000014942882EC87  __libc_start_main     Unknown  Unknown
kvasp541           000000000040962A  Unknown               Unknown  Unknown
forrtl: error (78): process killed (SIGTERM)
Image              PC                Routine            Line        Source             
kvasp541           000000000142EB54  Unknown               Unknown  Unknown
libpthread-2.27.s  000015269E074980  Unknown               Unknown  Unknown
libmkl_avx512.so.  000015254B354C87  mkl_blas_avx512_d     Unknown  Unknown
libmkl_avx512.so.  000015254B1CDD44  mkl_blas_avx512_x     Unknown  Unknown
libmkl_intel_thre  00001526A4E58ABA  mkl_blas_dgemv        Unknown  Unknown
libmkl_intel_lp64  00001526A8400BBA  dgemv_                Unknown  Unknown
kvasp541           00000000009F9822  Unknown               Unknown  Unknown
kvasp541           0000000000A34370  Unknown               Unknown  Unknown
kvasp541           0000000000CFE67B  Unknown               Unknown  Unknown
kvasp541           0000000000D22385  Unknown               Unknown  Unknown
kvasp541           000000000127B32E  Unknown               Unknown  Unknown
kvasp541           0000000000409742  Unknown               Unknown  Unknown
libc-2.27.so       000015269D8F4C87  __libc_start_main     Unknown  Unknown
kvasp541           000000000040962A  Unknown               Unknown  Unknown
forrtl: error (78): process killed (SIGTERM)
Image              PC                Routine            Line        Source             
kvasp541           000000000142EB54  Unknown               Unknown  Unknown
libpthread-2.27.s  0000155458F43980  Unknown               Unknown  Unknown
libmkl_avx512.so.  0000155306223C57  mkl_blas_avx512_d     Unknown  Unknown
libmkl_avx512.so.  000015530609CD44  mkl_blas_avx512_x     Unknown  Unknown
libmkl_intel_thre  000015545FD27ABA  mkl_blas_dgemv        Unknown  Unknown
libmkl_intel_lp64  00001554632CFBBA  dgemv_                Unknown  Unknown
kvasp541           00000000009F9822  Unknown               Unknown  Unknown
kvasp541           0000000000A34370  Unknown               Unknown  Unknown
kvasp541           0000000000CFE67B  Unknown               Unknown  Unknown
kvasp541           0000000000D22385  Unknown               Unknown  Unknown
kvasp541           000000000127B32E  Unknown               Unknown  Unknown
kvasp541           0000000000409742  Unknown               Unknown  Unknown
libc-2.27.so       00001554587C3C87  __libc_start_main     Unknown  Unknown
kvasp541           000000000040962A  Unknown               Unknown  Unknown
