3 arguments
k
544
WholeNode
Found WholeNode
Set SLURM_TASKS_PER_NODE to 40
sourcing /opt/intel/oneapi/setvars.sh
 
:: WARNING: setvars.sh has already been run. Skipping re-execution.
   To force a re-execution of setvars.sh, use the '--force' option.
   Using '--force' can result in excessive use of your environment variables.
  
usage: source setvars.sh [--force] [--config=file] [--help] [...]
  --force        Force setvars.sh to re-run, doing so may overload environment.
  --config=file  Customize env vars using a setvars.sh configuration file.
  --help         Display this help message and exit.
  ...            Additional args are passed to individual env/vars.sh scripts
                 and should follow this script's arguments.
  
  Some POSIX shells do not accept command-line options. In that case, you can pass
  command-line options via the SETVARS_ARGS environment variable. For example:
  
  $ SETVARS_ARGS="ia32 --config=config.txt" ; export SETVARS_ARGS
  $ . path/to/setvars.sh
  
  The SETVARS_ARGS environment variable is cleared on exiting setvars.sh.
  
starting srun /home/Tools/bin/kvasp544 > output
srun: Job step aborted: Waiting up to 32 seconds for job step to finish.
slurmstepd-n14: error: *** JOB 401675 ON n14 CANCELLED AT 2023-11-30T10:14:53 ***
slurmstepd-n14: error: *** STEP 401675.0 ON n14 CANCELLED AT 2023-11-30T10:14:53 ***
forrtl: error (78): process killed (SIGTERM)
Image              PC                Routine            Line        Source             
kvasp544           00000000015C1C3B  Unknown               Unknown  Unknown
libpthread-2.27.s  00001553EE9C4980  Unknown               Unknown  Unknown
libmkl_avx512.so.  000015529D294470  mkl_blas_avx512_d     Unknown  Unknown
forrtl: error (78): process killed (SIGTERM)
Image              PC                Routine            Line        Source             
kvasp544           00000000015C1C3B  Unknown               Unknown  Unknown
libpthread-2.27.s  0000153D10147980  Unknown               Unknown  Unknown
kvasp544           0000000000A965EF  Unknown               Unknown  Unknown
kvasp544           0000000000DC3107  Unknown               Unknown  Unknown
kvasp544           0000000000E25EE2  Unknown               Unknown  Unknown
kvasp544           0000000001434DC8  Unknown               Unknown  Unknown
kvasp544           000000000141122B  Unknown               Unknown  Unknown
kvasp544           000000000040AD02  Unknown               Unknown  Unknown
libc-2.27.so       0000153D0F9C7C87  __libc_start_main     Unknown  Unknown
kvasp544           000000000040ABEA  Unknown               Unknown  Unknown
forrtl: error (78): process killed (SIGTERM)
Image              PC                Routine            Line        Source             
kvasp544           00000000015C1C3B  Unknown               Unknown  Unknown
libpthread-2.27.s  000015057E2C5980  Unknown               Unknown  Unknown
kvasp544           0000000000661939  Unknown               Unknown  Unknown
kvasp544           0000000000A92B8B  Unknown               Unknown  Unknown
kvasp544           0000000000DC3107  Unknown               Unknown  Unknown
kvasp544           0000000000E25EE2  Unknown               Unknown  Unknown
kvasp544           0000000001434DC8  Unknown               Unknown  Unknown
kvasp544           000000000141122B  Unknown               Unknown  Unknown
kvasp544           000000000040AD02  Unknown               Unknown  Unknown
libc-2.27.so       000015057DB45C87  __libc_start_main     Unknown  Unknown
kvasp544           000000000040ABEA  Unknown               Unknown  Unknown
forrtl: error (78): process killed (SIGTERM)
Image              PC                Routine            Line        Source             
kvasp544           00000000015C1C3B  Unknown               Unknown  Unknown
libpthread-2.27.s  0000146AEE31A980  Unknown               Unknown  Unknown
kvasp544           00000000008701E8  Unknown               Unknown  Unknown
kvasp544           000000000086F91E  Unknown               Unknown  Unknown
kvasp544           0000000000A92AD5  Unknown               Unknown  Unknown
kvasp544           0000000000DC3107  Unknown               Unknown  Unknown
kvasp544           0000000000E25EE2  Unknown               Unknown  Unknown
kvasp544           0000000001434DC8  Unknown               Unknown  Unknown
kvasp544           000000000141122B  Unknown               Unknown  Unknown
kvasp544           000000000040AD02  Unknown               Unknown  Unknown
libc-2.27.so       0000146AEDB9AC87  __libc_start_main     Unknown  Unknown
kvasp544           000000000040ABEA  Unknown               Unknown  Unknown
forrtl: error (78): process killed (SIGTERM)
Image              PC                Routine            Line        Source             
kvasp544           00000000015C1C3B  Unknown               Unknown  Unknown
libpthread-2.27.s  0000152969623980  Unknown               Unknown  Unknown
libmkl_avx512.so.  0000152816ED3CB9  mkl_blas_avx512_x     Unknown  Unknown
libmkl_sequential  000015297015B3AE  mkl_blas_dgemv        Unknown  Unknown
libmkl_intel_lp64  0000152971BCFBBA  dgemv_                Unknown  Unknown
kvasp544           0000000000A59A52  Unknown               Unknown  Unknown
kvasp544           0000000000A96977  Unknown               Unknown  Unknown
kvasp544           0000000000DC3107  Unknown               Unknown  Unknown
kvasp544           0000000000E25EE2  Unknown               Unknown  Unknown
kvasp544           0000000001434DC8  Unknown               Unknown  Unknown
kvasp544           000000000141122B  Unknown               Unknown  Unknown
kvasp544           000000000040AD02  Unknown               Unknown  Unknown
libc-2.27.so       0000152968EA3C87  __libc_start_main     Unknown  Unknown
kvasp544           000000000040ABEA  Unknown               Unknown  Unknown
forrtl: error (78): process killed (SIGTERM)
Image              PC                Routine            Line        Source             
kvasp544           00000000015C1C3B  Unknown               Unknown  Unknown
libpthread-2.27.s  0000149E52CD2980  Unknown               Unknown  Unknown
libmkl_avx512.so.  0000149D03BCF773  mkl_dft_avx512_ow     Unknown  Unknown
libmkl_avx512.so.  0000149D03BAE658  mkl_dft_avx512_ip     Unknown  Unknown
libmkl_avx512.so.  0000149D01D18EAA  Unknown               Unknown  Unknown
libmkl_intel_lp64  0000149E5B91378A  DftiComputeForwar     Unknown  Unknown
libmkl_intel_lp64  0000149E5B91D9A8  fftw_execute_dft      Unknown  Unknown
kvasp544           00000000013ABA84  Unknown               Unknown  Unknown
kvasp544           00000000013AC8AF  Unknown               Unknown  Unknown
kvasp544           0000000000A92E50  Unknown               Unknown  Unknown
kvasp544           0000000000DC3107  Unknown               Unknown  Unknown
kvasp544           0000000000E25EE2  Unknown               Unknown  Unknown
kvasp544           0000000001434DC8  Unknown               Unknown  Unknown
kvasp544           000000000141122B  Unknown               Unknown  Unknown
kvasp544           000000000040AD02  Unknown               Unknown  Unknown
libc-2.27.so       0000149E52552C87  __libc_start_main     Unknown  Unknown
kvasp544           000000000040ABEA  Unknown               Unknown  Unknown
forrtl: error (78): process killed (SIGTERM)
Image              PC                Routine            Line        Source             
kvasp544           00000000015C1C3B  Unknown               Unknown  Unknown
libpthread-2.27.s  00001519AC2FA980  Unknown               Unknown  Unknown
libmkl_avx512.so.  000015185D27277E  mkl_dft_avx512_ow     Unknown  Unknown
libmkl_avx512.so.  000015185D1F8C23  mkl_dft_avx512_ow     Unknown  Unknown
libmkl_avx512.so.  000015185D1D6848  mkl_dft_avx512_ip     Unknown  Unknown
libmkl_avx512.so.  000015185B34124A  Unknown               Unknown  Unknown
libmkl_intel_lp64  00001519B4F3AC1C  DftiComputeBackwa     Unknown  Unknown
libmkl_intel_lp64  00001519B4F459A8  fftw_execute_dft      Unknown  Unknown
kvasp544           00000000013ABB3B  Unknown               Unknown  Unknown
kvasp544           00000000013AC8AF  Unknown               Unknown  Unknown
kvasp544           0000000000A92F64  Unknown               Unknown  Unknown
kvasp544           0000000000DC3107  Unknown               Unknown  Unknown
kvasp544           0000000000E25EE2  Unknown               Unknown  Unknown
kvasp544           0000000001434DC8  Unknown               Unknown  Unknown
kvasp544           000000000141122B  Unknown               Unknown  Unknown
kvasp544           000000000040AD02  Unknown               Unknown  Unknown
libc-2.27.so       00001519ABB7AC87  __libc_start_main     Unknown  Unknown
kvasp544           000000000040ABEA  Unknown               Unknown  Unknown
forrtl: error (78): process killed (SIGTERM)
Image              PC                Routine            Line        Source             
kvasp544           00000000015C1C3B  Unknown               Unknown  Unknown
libpthread-2.27.s  000014A0BB27A980  Unknown               Unknown  Unknown
libmkl_core.so.2   000014A0BDA2E76B  mkl_serv_get_cach     Unknown  Unknown
libmkl_avx512.so.  0000149F6A3568F4  Unknown               Unknown  Unknown
libmkl_avx512.so.  0000149F6AA6CE94  Unknown               Unknown  Unknown
libmkl_intel_lp64  000014A0C3EBA3B0  DftiCommitDescrip     Unknown  Unknown
libmkl_intel_lp64  000014A0C3EC6B61  fftw_plan_guru64_     Unknown  Unknown
libmkl_intel_lp64  000014A0C3ECDC76  dfftw_plan_guru_d     Unknown  Unknown
libmkl_intel_lp64  000014A0C3ECEF30  dfftw_plan_many_d     Unknown  Unknown
kvasp544           00000000013AB980  Unknown               Unknown  Unknown
kvasp544           00000000013AC8AF  Unknown               Unknown  Unknown
kvasp544           0000000000A92E50  Unknown               Unknown  Unknown
kvasp544           0000000000DC3107  Unknown               Unknown  Unknown
kvasp544           0000000000E25EE2  Unknown               Unknown  Unknown
kvasp544           0000000001434DC8  Unknown               Unknown  Unknown
kvasp544           000000000141122B  Unknown               Unknown  Unknown
kvasp544           000000000040AD02  Unknown               Unknown  Unknown
libc-2.27.so       000014A0BAAFAC87  __libc_start_main     Unknown  Unknown
kvasp544           000000000040ABEA  Unknown               Unknown  Unknown
forrtl: error (78): process killed (SIGTERM)
Image              PC                Routine            Line        Source             
kvasp544           00000000015C1C3B  Unknown               Unknown  Unknown
libpthread-2.27.s  0000151C83B24980  Unknown               Unknown  Unknown
libmpi.so.12.0.0   0000151C848392E4  Unknown               Unknown  Unknown
libmpi.so.12.0.0   0000151C848931E6  Unknown               Unknown  Unknown
libmpi.so.12.0.0   0000151C84245C88  Unknown               Unknown  Unknown
libmpi.so.12.0.0   0000151C842B7CCD  Unknown               Unknown  Unknown
libmpi.so.12.0.0   0000151C842D6A60  Unknown               Unknown  Unknown
libmpi.so.12.0.0   0000151C842AE7EC  Unknown               Unknown  Unknown
libmpi.so.12.0.0   0000151C843F1387  Unknown               Unknown  Unknown
libmpi.so.12.0.0   0000151C8424C6E1  PMPI_Allreduce        Unknown  Unknown
libmpifort.so.12.  0000151C85A4FA50  mpi_allreduce_        Unknown  Unknown
kvasp544           0000000000418B9F  Unknown               Unknown  Unknown
kvasp544           0000000000579BED  Unknown               Unknown  Unknown
kvasp544           00000000006267FE  Unknown               Unknown  Unknown
kvasp544           0000000000A930E0  Unknown               Unknown  Unknown
kvasp544           0000000000DC3107  Unknown               Unknown  Unknown
kvasp544           0000000000E25EE2  Unknown               Unknown  Unknown
kvasp544           0000000001434DC8  Unknown               Unknown  Unknown
kvasp544           000000000141122B  Unknown               Unknown  Unknown
kvasp544           000000000040AD02  Unknown               Unknown  Unknown
libc-2.27.so       0000151C833A4C87  __libc_start_main     Unknown  Unknown
kvasp544           000000000040ABEA  Unknown               Unknown  Unknown
forrtl: error (78): process killed (SIGTERM)
Image              PC                Routine            Line        Source             
kvasp544           00000000015C1C3B  Unknown               Unknown  Unknown
libpthread-2.27.s  000014F9C9C78980  Unknown               Unknown  Unknown
libmpi.so.12.0.0   000014F9CA399C55  Unknown               Unknown  Unknown
libmpi.so.12.0.0   000014F9CA40BCCD  Unknown               Unknown  Unknown
libmpi.so.12.0.0   000014F9CA42AA60  Unknown               Unknown  Unknown
libmpi.so.12.0.0   000014F9CA4027EC  Unknown               Unknown  Unknown
libmpi.so.12.0.0   000014F9CA545387  Unknown               Unknown  Unknown
libmpi.so.12.0.0   000014F9CA3A06E1  PMPI_Allreduce        Unknown  Unknown
libmpifort.so.12.  000014F9CBBA3A50  mpi_allreduce_        Unknown  Unknown
kvasp544           0000000000418B9F  Unknown               Unknown  Unknown
kvasp544           0000000000579BED  Unknown               Unknown  Unknown
kvasp544           00000000006267FE  Unknown               Unknown  Unknown
kvasp544           0000000000A930E0  Unknown               Unknown  Unknown
kvasp544           0000000000DC3107  Unknown               Unknown  Unknown
kvasp544           0000000000E25EE2  Unknown               Unknown  Unknown
kvasp544           0000000001434DC8  Unknown               Unknown  Unknown
kvasp544           000000000141122B  Unknown               Unknown  Unknown
kvasp544           000000000040AD02  Unknown               Unknown  Unknown
libc-2.27.so       000014F9C94F8C87  __libc_start_main     Unknown  Unknown
kvasp544           000000000040ABEA  Unknown               Unknown  Unknown
forrtl: error (78): process killed (SIGTERM)
Image              PC                Routine            Line        Source             
kvasp544           00000000015C1C3B  Unknown               Unknown  Unknown
libpthread-2.27.s  000015388C6DA980  Unknown               Unknown  Unknown
libmpi.so.12.0.0   000015388D58CE98  Unknown               Unknown  Unknown
libmpi.so.12.0.0   000015388D0F9DEA  Unknown               Unknown  Unknown
libmpi.so.12.0.0   000015388CE339A1  Unknown               Unknown  Unknown
libmpi.so.12.0.0   000015388CE34BD9  Unknown               Unknown  Unknown
libmpi.so.12.0.0   000015388CE85820  Unknown               Unknown  Unknown
libmpi.so.12.0.0   000015388CE647EC  Unknown               Unknown  Unknown
libmpi.so.12.0.0   000015388CFA74DF  Unknown               Unknown  Unknown
libmpi.so.12.0.0   000015388CE35405  PMPI_Alltoallv        Unknown  Unknown
libmpifort.so.12.  000015388E605DDA  pmpi_alltoallv__      Unknown  Unknown
kvasp544           000000000041544F  Unknown               Unknown  Unknown
kvasp544           00000000013B4CDA  Unknown               Unknown  Unknown
kvasp544           00000000013ABBCC  Unknown               Unknown  Unknown
kvasp544           00000000013AC8AF  Unknown               Unknown  Unknown
kvasp544           0000000000A92F64  Unknown               Unknown  Unknown
kvasp544           0000000000DC3107  Unknown               Unknown  Unknown
kvasp544           0000000000E25EE2  Unknown               Unknown  Unknown
kvasp544           0000000001434DC8  Unknown               Unknown  Unknown
kvasp544           000000000141122B  Unknown               Unknown  Unknown
kvasp544           000000000040AD02  Unknown               Unknown  Unknown
libc-2.27.so       000015388BF5AC87  __libc_start_main     Unknown  Unknown
kvasp544           000000000040ABEA  Unknown               Unknown  Unknown
forrtl: error (78): process killed (SIGTERM)
Image              PC                Routine            Line        Source             
kvasp544           00000000015C1C3B  Unknown               Unknown  Unknown
libpthread-2.27.s  000014EF46523980  Unknown               Unknown  Unknown
libmpi.so.12.0.0   000014EF46FED592  Unknown               Unknown  Unknown
libmpi.so.12.0.0   000014EF4743DDDA  Unknown               Unknown  Unknown
libmpi.so.12.0.0   000014EF4743C25A  Unknown               Unknown  Unknown
libmpi.so.12.0.0   000014EF4743A5B3  Unknown               Unknown  Unknown
libmpi.so.12.0.0   000014EF46D5BF55  Unknown               Unknown  Unknown
libmpi.so.12.0.0   000014EF46D5BA56  Unknown               Unknown  Unknown
libmpi.so.12.0.0   000014EF473D88C0  Unknown               Unknown  Unknown
libmpi.so.12.0.0   000014EF46F2E1C7  Unknown               Unknown  Unknown
libmpi.so.12.0.0   000014EF46F269F0  Unknown               Unknown  Unknown
libmpi.so.12.0.0   000014EF46C44C55  Unknown               Unknown  Unknown
libmpi.so.12.0.0   000014EF46CB6CCD  Unknown               Unknown  Unknown
libmpi.so.12.0.0   000014EF46CD5A60  Unknown               Unknown  Unknown
libmpi.so.12.0.0   000014EF46CAD7EC  Unknown               Unknown  Unknown
libmpi.so.12.0.0   000014EF46DF0387  Unknown               Unknown  Unknown
libmpi.so.12.0.0   000014EF46C4B6E1  PMPI_Allreduce        Unknown  Unknown
libmpifort.so.12.  000014EF4844EA50  mpi_allreduce_        Unknown  Unknown
kvasp544           0000000000418B9F  Unknown               Unknown  Unknown
kvasp544           0000000000579BED  Unknown               Unknown  Unknown
kvasp544           00000000006267FE  Unknown               Unknown  Unknown
kvasp544           0000000000A930E0  Unknown               Unknown  Unknown
kvasp544           0000000000DC3107  Unknown               Unknown  Unknown
kvasp544           0000000000E25EE2  Unknown               Unknown  Unknown
kvasp544           0000000001434DC8  Unknown               Unknown  Unknown
kvasp544           000000000141122B  Unknown               Unknown  Unknown
kvasp544           000000000040AD02  Unknown               Unknown  Unknown
libc-2.27.so       000014EF45DA3C87  __libc_start_main     Unknown  Unknown
kvasp544           000000000040ABEA  Unknown               Unknown  Unknown
forrtl: error (78): process killed (SIGTERM)
Image              PC                Routine            Line        Source             
kvasp544           00000000015C1C3B  Unknown               Unknown  Unknown
libpthread-2.27.s  00001502BAFF5980  Unknown               Unknown  Unknown
libmpi.so.12.0.0   00001502BBABF65C  Unknown               Unknown  Unknown
libmpi.so.12.0.0   00001502BBF0D511  Unknown               Unknown  Unknown
libmpi.so.12.0.0   00001502BBF0FC0A  Unknown               Unknown  Unknown
libmpi.so.12.0.0   00001502BBF0E25A  Unknown               Unknown  Unknown
libmpi.so.12.0.0   00001502BBF0C5B3  Unknown               Unknown  Unknown
libmpi.so.12.0.0   00001502BB82DF55  Unknown               Unknown  Unknown
libmpi.so.12.0.0   00001502BB82DA56  Unknown               Unknown  Unknown
libmpi.so.12.0.0   00001502BBEA6E8E  Unknown               Unknown  Unknown
libmpi.so.12.0.0   00001502BBA14DEA  Unknown               Unknown  Unknown
libmpi.so.12.0.0   00001502BB74E9A1  Unknown               Unknown  Unknown
libmpi.so.12.0.0   00001502BB74FBD9  Unknown               Unknown  Unknown
libmpi.so.12.0.0   00001502BB7A0820  Unknown               Unknown  Unknown
libmpi.so.12.0.0   00001502BB77F7EC  Unknown               Unknown  Unknown
libmpi.so.12.0.0   00001502BB8C24DF  Unknown               Unknown  Unknown
libmpi.so.12.0.0   00001502BB750405  PMPI_Alltoallv        Unknown  Unknown
libmpifort.so.12.  00001502BCF20DDA  pmpi_alltoallv__      Unknown  Unknown
kvasp544           000000000041544F  Unknown               Unknown  Unknown
kvasp544           00000000013B53E0  Unknown               Unknown  Unknown
kvasp544           00000000013ABB2A  Unknown               Unknown  Unknown
kvasp544           00000000013AC8AF  Unknown               Unknown  Unknown
kvasp544           0000000000A92E50  Unknown               Unknown  Unknown
kvasp544           0000000000DC3107  Unknown               Unknown  Unknown
kvasp544           0000000000E25EE2  Unknown               Unknown  Unknown
kvasp544           0000000001434DC8  Unknown               Unknown  Unknown
kvasp544           000000000141122B  Unknown               Unknown  Unknown
kvasp544           000000000040AD02  Unknown               Unknown  Unknown
libc-2.27.so       00001502BA875C87  __libc_start_main     Unknown  Unknown
kvasp544           000000000040ABEA  Unknown               Unknown  Unknown
forrtl: error (78): process killed (SIGTERM)
Image              PC                Routine            Line        Source             
kvasp544           00000000015C1C3B  Unknown               Unknown  Unknown
libpthread-2.27.s  000014C7CD914980  Unknown               Unknown  Unknown
libmpi.so.12.0.0   000014C7CE3DE674  Unknown               Unknown  Unknown
libmpi.so.12.0.0   000014C7CE82C511  Unknown               Unknown  Unknown
libmpi.so.12.0.0   000014C7CE82EC0A  Unknown               Unknown  Unknown
libmpi.so.12.0.0   000014C7CE82D25A  Unknown               Unknown  Unknown
libmpi.so.12.0.0   000014C7CE82B5B3  Unknown               Unknown  Unknown
libmpi.so.12.0.0   000014C7CE14CF55  Unknown               Unknown  Unknown
libmpi.so.12.0.0   000014C7CE14CA56  Unknown               Unknown  Unknown
libmpi.so.12.0.0   000014C7CE7C5E8E  Unknown               Unknown  Unknown
libmpi.so.12.0.0   000014C7CE333DEA  Unknown               Unknown  Unknown
libmpi.so.12.0.0   000014C7CE06D9A1  Unknown               Unknown  Unknown
libmpi.so.12.0.0   000014C7CE06EBD9  Unknown               Unknown  Unknown
libmpi.so.12.0.0   000014C7CE0BF820  Unknown               Unknown  Unknown
libmpi.so.12.0.0   000014C7CE09E7EC  Unknown               Unknown  Unknown
libmpi.so.12.0.0   000014C7CE1E14DF  Unknown               Unknown  Unknown
libmpi.so.12.0.0   000014C7CE06F405  PMPI_Alltoallv        Unknown  Unknown
libmpifort.so.12.  000014C7CF83FDDA  pmpi_alltoallv__      Unknown  Unknown
kvasp544           000000000041544F  Unknown               Unknown  Unknown
kvasp544           00000000013B53E0  Unknown               Unknown  Unknown
kvasp544           00000000013ABB2A  Unknown               Unknown  Unknown
kvasp544           00000000013AC8AF  Unknown               Unknown  Unknown
kvasp544           0000000000A92E50  Unknown               Unknown  Unknown
kvasp544           0000000000DC3107  Unknown               Unknown  Unknown
kvasp544           0000000000E25EE2  Unknown               Unknown  Unknown
kvasp544           0000000001434DC8  Unknown               Unknown  Unknown
kvasp544           000000000141122B  Unknown               Unknown  Unknown
kvasp544           000000000040AD02  Unknown               Unknown  Unknown
libc-2.27.so       000014C7CD194C87  __libc_start_main     Unknown  Unknown
kvasp544           000000000040ABEA  Unknown               Unknown  Unknown
forrtl: error (78): process killed (SIGTERM)
Image              PC                Routine            Line        Source             
kvasp544           00000000015C1C3B  Unknown               Unknown  Unknown
libpthread-2.27.s  0000147B7B7EA980  Unknown               Unknown  Unknown
libc-2.27.so       0000147B7B15DB84  __poll                Unknown  Unknown
libtcp-fi.so       0000147A308768C9  Unknown               Unknown  Unknown
libtcp-fi.so       0000147A3086FDA5  Unknown               Unknown  Unknown
libtcp-fi.so       0000147A30887437  Unknown               Unknown  Unknown
librxm-fi.so       0000147A3017025E  Unknown               Unknown  Unknown
librxm-fi.so       0000147A301703C9  Unknown               Unknown  Unknown
librxm-fi.so       0000147A3018AFBD  Unknown               Unknown  Unknown
librxm-fi.so       0000147A3018AF47  Unknown               Unknown  Unknown
libmpi.so.12.0.0   0000147B7C4D3B30  Unknown               Unknown  Unknown
libmpi.so.12.0.0   0000147B7C022D19  Unknown               Unknown  Unknown
libmpi.so.12.0.0   0000147B7C022A56  Unknown               Unknown  Unknown
libmpi.so.12.0.0   0000147B7C69F8C0  Unknown               Unknown  Unknown
libmpi.so.12.0.0   0000147B7C1F51C7  Unknown               Unknown  Unknown
libmpi.so.12.0.0   0000147B7C1ED9F0  Unknown               Unknown  Unknown
libmpi.so.12.0.0   0000147B7BF0BC55  Unknown               Unknown  Unknown
libmpi.so.12.0.0   0000147B7BF7DCCD  Unknown               Unknown  Unknown
libmpi.so.12.0.0   0000147B7BF9CA60  Unknown               Unknown  Unknown
libmpi.so.12.0.0   0000147B7BF747EC  Unknown               Unknown  Unknown
libmpi.so.12.0.0   0000147B7C0B7387  Unknown               Unknown  Unknown
libmpi.so.12.0.0   0000147B7BF126E1  PMPI_Allreduce        Unknown  Unknown
libmpifort.so.12.  0000147B7D715A50  mpi_allreduce_        Unknown  Unknown
kvasp544           0000000000418B9F  Unknown               Unknown  Unknown
kvasp544           0000000000579BED  Unknown               Unknown  Unknown
kvasp544           00000000006267FE  Unknown               Unknown  Unknown
kvasp544           0000000000A930E0  Unknown               Unknown  Unknown
kvasp544           0000000000DC3107  Unknown               Unknown  Unknown
kvasp544           0000000000E25EE2  Unknown               Unknown  Unknown
kvasp544           0000000001434DC8  Unknown               Unknown  Unknown
kvasp544           000000000141122B  Unknown               Unknown  Unknown
kvasp544           000000000040AD02  Unknown               Unknown  Unknown
libc-2.27.so       0000147B7B06AC87  __libc_start_main     Unknown  Unknown
kvasp544           000000000040ABEA  Unknown               Unknown  Unknown
forrtl: error (78): process killed (SIGTERM)
Image              PC                Routine            Line        Source             
kvasp544           00000000015C1C3B  Unknown               Unknown  Unknown
libpthread-2.27.s  000014D438785980  Unknown               Unknown  Unknown
libc-2.27.so       000014D438105907  epoll_wait            Unknown  Unknown
libtcp-fi.so       000014D2ED805191  Unknown               Unknown  Unknown
libtcp-fi.so       000014D2ED80B1EE  Unknown               Unknown  Unknown
librxm-fi.so       000014D2ED1003FC  Unknown               Unknown  Unknown
librxm-fi.so       000014D2ED10B2B9  Unknown               Unknown  Unknown
librxm-fi.so       000014D2ED10B3C9  Unknown               Unknown  Unknown
librxm-fi.so       000014D2ED125FBD  Unknown               Unknown  Unknown
librxm-fi.so       000014D2ED125F47  Unknown               Unknown  Unknown
libmpi.so.12.0.0   000014D43946EB30  Unknown               Unknown  Unknown
libmpi.so.12.0.0   000014D438FBDD19  Unknown               Unknown  Unknown
libmpi.so.12.0.0   000014D438FBDA56  Unknown               Unknown  Unknown
libmpi.so.12.0.0   000014D43963A8C0  Unknown               Unknown  Unknown
libmpi.so.12.0.0   000014D4391901C7  Unknown               Unknown  Unknown
libmpi.so.12.0.0   000014D4391889F0  Unknown               Unknown  Unknown
libmpi.so.12.0.0   000014D438EA6C55  Unknown               Unknown  Unknown
libmpi.so.12.0.0   000014D438F18CCD  Unknown               Unknown  Unknown
libmpi.so.12.0.0   000014D438F37A60  Unknown               Unknown  Unknown
libmpi.so.12.0.0   000014D438F0F7EC  Unknown               Unknown  Unknown
libmpi.so.12.0.0   000014D439052387  Unknown               Unknown  Unknown
libmpi.so.12.0.0   000014D438EAD6E1  PMPI_Allreduce        Unknown  Unknown
libmpifort.so.12.  000014D43A6B0A50  mpi_allreduce_        Unknown  Unknown
kvasp544           0000000000418B9F  Unknown               Unknown  Unknown
kvasp544           0000000000579BED  Unknown               Unknown  Unknown
kvasp544           00000000006267FE  Unknown               Unknown  Unknown
kvasp544           0000000000A930E0  Unknown               Unknown  Unknown
kvasp544           0000000000DC3107  Unknown               Unknown  Unknown
kvasp544           0000000000E25EE2  Unknown               Unknown  Unknown
kvasp544           0000000001434DC8  Unknown               Unknown  Unknown
kvasp544           000000000141122B  Unknown               Unknown  Unknown
kvasp544           000000000040AD02  Unknown               Unknown  Unknown
libc-2.27.so       000014D438005C87  __libc_start_main     Unknown  Unknown
kvasp544           000000000040ABEA  Unknown               Unknown  Unknown
forrtl: error (78): process killed (SIGTERM)
Image              PC                Routine            Line        Source             
kvasp544           00000000015C1C3B  Unknown               Unknown  Unknown
libpthread-2.27.s  000014F9E665F980  Unknown               Unknown  Unknown
libc-2.27.so       000014F9E5FDF907  epoll_wait            Unknown  Unknown
libtcp-fi.so       000014F89B6DF191  Unknown               Unknown  Unknown
libtcp-fi.so       000014F89B6E51EE  Unknown               Unknown  Unknown
librxm-fi.so       000014F89AFDA3FC  Unknown               Unknown  Unknown
librxm-fi.so       000014F89AFE52B9  Unknown               Unknown  Unknown
librxm-fi.so       000014F89AFE53C9  Unknown               Unknown  Unknown
librxm-fi.so       000014F89AFFFFBD  Unknown               Unknown  Unknown
librxm-fi.so       000014F89AFFFF47  Unknown               Unknown  Unknown
libmpi.so.12.0.0   000014F9E7348B30  Unknown               Unknown  Unknown
libmpi.so.12.0.0   000014F9E6E97D19  Unknown               Unknown  Unknown
libmpi.so.12.0.0   000014F9E6E97A56  Unknown               Unknown  Unknown
libmpi.so.12.0.0   000014F9E75148C0  Unknown               Unknown  Unknown
libmpi.so.12.0.0   000014F9E706A1C7  Unknown               Unknown  Unknown
libmpi.so.12.0.0   000014F9E70629F0  Unknown               Unknown  Unknown
libmpi.so.12.0.0   000014F9E6D80C55  Unknown               Unknown  Unknown
libmpi.so.12.0.0   000014F9E6DF2CCD  Unknown               Unknown  Unknown
libmpi.so.12.0.0   000014F9E6E11A60  Unknown               Unknown  Unknown
libmpi.so.12.0.0   000014F9E6DE97EC  Unknown               Unknown  Unknown
libmpi.so.12.0.0   000014F9E6F2C387  Unknown               Unknown  Unknown
libmpi.so.12.0.0   000014F9E6D876E1  PMPI_Allreduce        Unknown  Unknown
libmpifort.so.12.  000014F9E858AA50  mpi_allreduce_        Unknown  Unknown
kvasp544           0000000000418B9F  Unknown               Unknown  Unknown
kvasp544           0000000000579BED  Unknown               Unknown  Unknown
kvasp544           00000000006267FE  Unknown               Unknown  Unknown
kvasp544           0000000000A930E0  Unknown               Unknown  Unknown
kvasp544           0000000000DC3107  Unknown               Unknown  Unknown
kvasp544           0000000000E25EE2  Unknown               Unknown  Unknown
kvasp544           0000000001434DC8  Unknown               Unknown  Unknown
kvasp544           000000000141122B  Unknown               Unknown  Unknown
kvasp544           000000000040AD02  Unknown               Unknown  Unknown
libc-2.27.so       000014F9E5EDFC87  __libc_start_main     Unknown  Unknown
kvasp544           000000000040ABEA  Unknown               Unknown  Unknown
forrtl: error (78): process killed (SIGTERM)
Image              PC                Routine            Line        Source             
kvasp544           00000000015C1C3B  Unknown               Unknown  Unknown
libpthread-2.27.s  000014DB98C24980  Unknown               Unknown  Unknown
libc-2.27.so       000014DB98597B84  __poll                Unknown  Unknown
libtcp-fi.so       000014DA4DCB08C9  Unknown               Unknown  Unknown
libtcp-fi.so       000014DA4DCA9DA5  Unknown               Unknown  Unknown
libtcp-fi.so       000014DA4DCC1437  Unknown               Unknown  Unknown
librxm-fi.so       000014DA4D5AA25E  Unknown               Unknown  Unknown
librxm-fi.so       000014DA4D5AA3C9  Unknown               Unknown  Unknown
librxm-fi.so       000014DA4D5C4FBD  Unknown               Unknown  Unknown
librxm-fi.so       000014DA4D5C4F47  Unknown               Unknown  Unknown
libmpi.so.12.0.0   000014DB9990DB30  Unknown               Unknown  Unknown
libmpi.so.12.0.0   000014DB9945CD19  Unknown               Unknown  Unknown
libmpi.so.12.0.0   000014DB9945CA56  Unknown               Unknown  Unknown
libmpi.so.12.0.0   000014DB99AD98C0  Unknown               Unknown  Unknown
libmpi.so.12.0.0   000014DB9962F1C7  Unknown               Unknown  Unknown
libmpi.so.12.0.0   000014DB996279F0  Unknown               Unknown  Unknown
libmpi.so.12.0.0   000014DB99345C55  Unknown               Unknown  Unknown
libmpi.so.12.0.0   000014DB993B7CCD  Unknown               Unknown  Unknown
libmpi.so.12.0.0   000014DB993D6A60  Unknown               Unknown  Unknown
libmpi.so.12.0.0   000014DB993AE7EC  Unknown               Unknown  Unknown
libmpi.so.12.0.0   000014DB994F1387  Unknown               Unknown  Unknown
libmpi.so.12.0.0   000014DB9934C6E1  PMPI_Allreduce        Unknown  Unknown
libmpifort.so.12.  000014DB9AB4FA50  mpi_allreduce_        Unknown  Unknown
kvasp544           0000000000418B9F  Unknown               Unknown  Unknown
kvasp544           000000000063B648  Unknown               Unknown  Unknown
kvasp544           0000000000A92D57  Unknown               Unknown  Unknown
kvasp544           0000000000DC3107  Unknown               Unknown  Unknown
kvasp544           0000000000E25EE2  Unknown               Unknown  Unknown
kvasp544           0000000001434DC8  Unknown               Unknown  Unknown
kvasp544           000000000141122B  Unknown               Unknown  Unknown
kvasp544           000000000040AD02  Unknown               Unknown  Unknown
libc-2.27.so       000014DB984A4C87  __libc_start_main     Unknown  Unknown
kvasp544           000000000040ABEA  Unknown               Unknown  Unknown
forrtl: error (78): process killed (SIGTERM)
Image              PC                Routine            Line        Source             
kvasp544           00000000015C1C3B  Unknown               Unknown  Unknown
libpthread-2.27.s  000014F69BE88980  Unknown               Unknown  Unknown
libc-2.27.so       000014F69B7FBB84  __poll                Unknown  Unknown
libtcp-fi.so       000014F550F148C9  Unknown               Unknown  Unknown
libtcp-fi.so       000014F550F0DDA5  Unknown               Unknown  Unknown
libtcp-fi.so       000014F550F25437  Unknown               Unknown  Unknown
librxm-fi.so       000014F55080E25E  Unknown               Unknown  Unknown
librxm-fi.so       000014F55080E3C9  Unknown               Unknown  Unknown
librxm-fi.so       000014F550828FBD  Unknown               Unknown  Unknown
librxm-fi.so       000014F550828F47  Unknown               Unknown  Unknown
libmpi.so.12.0.0   000014F69CB71B30  Unknown               Unknown  Unknown
libmpi.so.12.0.0   000014F69C6C0D19  Unknown               Unknown  Unknown
libmpi.so.12.0.0   000014F69C6C0A56  Unknown               Unknown  Unknown
libmpi.so.12.0.0   000014F69CD3D8C0  Unknown               Unknown  Unknown
libmpi.so.12.0.0   000014F69C8931C7  Unknown               Unknown  Unknown
libmpi.so.12.0.0   000014F69C88B9F0  Unknown               Unknown  Unknown
libmpi.so.12.0.0   000014F69C5A9C55  Unknown               Unknown  Unknown
libmpi.so.12.0.0   000014F69C61BCCD  Unknown               Unknown  Unknown
libmpi.so.12.0.0   000014F69C63AA60  Unknown               Unknown  Unknown
libmpi.so.12.0.0   000014F69C6127EC  Unknown               Unknown  Unknown
libmpi.so.12.0.0   000014F69C755387  Unknown               Unknown  Unknown
libmpi.so.12.0.0   000014F69C5B06E1  PMPI_Allreduce        Unknown  Unknown
libmpifort.so.12.  000014F69DDB3A50  mpi_allreduce_        Unknown  Unknown
kvasp544           0000000000418B9F  Unknown               Unknown  Unknown
kvasp544           0000000000579BED  Unknown               Unknown  Unknown
kvasp544           00000000006267FE  Unknown               Unknown  Unknown
kvasp544           0000000000A930E0  Unknown               Unknown  Unknown
kvasp544           0000000000DC3107  Unknown               Unknown  Unknown
kvasp544           0000000000E25EE2  Unknown               Unknown  Unknown
kvasp544           0000000001434DC8  Unknown               Unknown  Unknown
kvasp544           000000000141122B  Unknown               Unknown  Unknown
kvasp544           000000000040AD02  Unknown               Unknown  Unknown
libc-2.27.so       000014F69B708C87  __libc_start_main     Unknown  Unknown
kvasp544           000000000040ABEA  Unknown               Unknown  Unknown
forrtl: error (78): process killed (SIGTERM)
Image              PC                Routine            Line        Source             
kvasp544           00000000015C1C3B  Unknown               Unknown  Unknown
libpthread-2.27.s  0000147AAEFB0980  Unknown               Unknown  Unknown
libc-2.27.so       0000147AAE923B84  __poll                Unknown  Unknown
libtcp-fi.so       000014796403C8C9  Unknown               Unknown  Unknown
libtcp-fi.so       0000147964035DA5  Unknown               Unknown  Unknown
libtcp-fi.so       000014796404D437  Unknown               Unknown  Unknown
librxm-fi.so       000014796393625E  Unknown               Unknown  Unknown
librxm-fi.so       00001479639363C9  Unknown               Unknown  Unknown
librxm-fi.so       0000147963950FBD  Unknown               Unknown  Unknown
librxm-fi.so       0000147963950F47  Unknown               Unknown  Unknown
libmpi.so.12.0.0   0000147AAFC99B30  Unknown               Unknown  Unknown
libmpi.so.12.0.0   0000147AAF7E8D19  Unknown               Unknown  Unknown
libmpi.so.12.0.0   0000147AAF7E8A56  Unknown               Unknown  Unknown
libmpi.so.12.0.0   0000147AAFE658C0  Unknown               Unknown  Unknown
libmpi.so.12.0.0   0000147AAF9BB1C7  Unknown               Unknown  Unknown
libmpi.so.12.0.0   0000147AAF9B39F0  Unknown               Unknown  Unknown
libmpi.so.12.0.0   0000147AAF6D1C55  Unknown               Unknown  Unknown
libmpi.so.12.0.0   0000147AAF743CCD  Unknown               Unknown  Unknown
libmpi.so.12.0.0   0000147AAF762A60  Unknown               Unknown  Unknown
libmpi.so.12.0.0   0000147AAF73A7EC  Unknown               Unknown  Unknown
libmpi.so.12.0.0   0000147AAF87D387  Unknown               Unknown  Unknown
libmpi.so.12.0.0   0000147AAF6D86E1  PMPI_Allreduce        Unknown  Unknown
libmpifort.so.12.  0000147AB0EDBA50  mpi_allreduce_        Unknown  Unknown
kvasp544           0000000000418B9F  Unknown               Unknown  Unknown
kvasp544           0000000000579BED  Unknown               Unknown  Unknown
kvasp544           00000000006267FE  Unknown               Unknown  Unknown
kvasp544           0000000000A930E0  Unknown               Unknown  Unknown
kvasp544           0000000000DC3107  Unknown               Unknown  Unknown
kvasp544           0000000000E25EE2  Unknown               Unknown  Unknown
kvasp544           0000000001434DC8  Unknown               Unknown  Unknown
kvasp544           000000000141122B  Unknown               Unknown  Unknown
kvasp544           000000000040AD02  Unknown               Unknown  Unknown
libc-2.27.so       0000147AAE830C87  __libc_start_main     Unknown  Unknown
kvasp544           000000000040ABEA  Unknown               Unknown  Unknown
forrtl: error (78): process killed (SIGTERM)
Image              PC                Routine            Line        Source             
kvasp544           00000000015C1C3B  Unknown               Unknown  Unknown
libpthread-2.27.s  000014DDC1449980  Unknown               Unknown  Unknown
libc-2.27.so       000014DDC0DBCB84  __poll                Unknown  Unknown
libtcp-fi.so       000014DC764D58C9  Unknown               Unknown  Unknown
libtcp-fi.so       000014DC764CEDA5  Unknown               Unknown  Unknown
libtcp-fi.so       000014DC764E6437  Unknown               Unknown  Unknown
librxm-fi.so       000014DC75DCF25E  Unknown               Unknown  Unknown
librxm-fi.so       000014DC75DCF3C9  Unknown               Unknown  Unknown
librxm-fi.so       000014DC75DE9FBD  Unknown               Unknown  Unknown
librxm-fi.so       000014DC75DE9F47  Unknown               Unknown  Unknown
libmpi.so.12.0.0   000014DDC2132B30  Unknown               Unknown  Unknown
libmpi.so.12.0.0   000014DDC1C81D19  Unknown               Unknown  Unknown
libmpi.so.12.0.0   000014DDC1C81A56  Unknown               Unknown  Unknown
libmpi.so.12.0.0   000014DDC22FE8C0  Unknown               Unknown  Unknown
libmpi.so.12.0.0   000014DDC1E541C7  Unknown               Unknown  Unknown
libmpi.so.12.0.0   000014DDC1E4C9F0  Unknown               Unknown  Unknown
libmpi.so.12.0.0   000014DDC1B6AC55  Unknown               Unknown  Unknown
libmpi.so.12.0.0   000014DDC1BDCCCD  Unknown               Unknown  Unknown
libmpi.so.12.0.0   000014DDC1BFBA60  Unknown               Unknown  Unknown
libmpi.so.12.0.0   000014DDC1BD37EC  Unknown               Unknown  Unknown
libmpi.so.12.0.0   000014DDC1D16387  Unknown               Unknown  Unknown
libmpi.so.12.0.0   000014DDC1B716E1  PMPI_Allreduce        Unknown  Unknown
libmpifort.so.12.  000014DDC3374A50  mpi_allreduce_        Unknown  Unknown
kvasp544           0000000000418B9F  Unknown               Unknown  Unknown
kvasp544           0000000000579BED  Unknown               Unknown  Unknown
kvasp544           00000000006267FE  Unknown               Unknown  Unknown
kvasp544           0000000000A930E0  Unknown               Unknown  Unknown
kvasp544           0000000000DC3107  Unknown               Unknown  Unknown
kvasp544           0000000000E25EE2  Unknown               Unknown  Unknown
kvasp544           0000000001434DC8  Unknown               Unknown  Unknown
kvasp544           000000000141122B  Unknown               Unknown  Unknown
kvasp544           000000000040AD02  Unknown               Unknown  Unknown
libc-2.27.so       000014DDC0CC9C87  __libc_start_main     Unknown  Unknown
kvasp544           000000000040ABEA  Unknown               Unknown  Unknown
forrtl: error (78): process killed (SIGTERM)
Image              PC                Routine            Line        Source             
kvasp544           00000000015C1C3B  Unknown               Unknown  Unknown
libpthread-2.27.s  000014D2505D5980  Unknown               Unknown  Unknown
libc-2.27.so       000014D24FF55907  epoll_wait            Unknown  Unknown
libtcp-fi.so       000014D105655191  Unknown               Unknown  Unknown
libtcp-fi.so       000014D10565B1EE  Unknown               Unknown  Unknown
librxm-fi.so       000014D104F503FC  Unknown               Unknown  Unknown
librxm-fi.so       000014D104F5B2B9  Unknown               Unknown  Unknown
librxm-fi.so       000014D104F5B3C9  Unknown               Unknown  Unknown
librxm-fi.so       000014D104F75FBD  Unknown               Unknown  Unknown
librxm-fi.so       000014D104F75F47  Unknown               Unknown  Unknown
libmpi.so.12.0.0   000014D2512BEB30  Unknown               Unknown  Unknown
libmpi.so.12.0.0   000014D250E0DD19  Unknown               Unknown  Unknown
libmpi.so.12.0.0   000014D250E0DA56  Unknown               Unknown  Unknown
libmpi.so.12.0.0   000014D25148A8C0  Unknown               Unknown  Unknown
libmpi.so.12.0.0   000014D250FCF5E8  Unknown               Unknown  Unknown
libmpi.so.12.0.0   000014D250D3A072  Unknown               Unknown  Unknown
libmpi.so.12.0.0   000014D250D421D2  Unknown               Unknown  Unknown
libmpi.so.12.0.0   000014D250EA1F9D  Unknown               Unknown  Unknown
libmpi.so.12.0.0   000014D250EAC51F  Unknown               Unknown  Unknown
libmpi.so.12.0.0   000014D250D5F737  Unknown               Unknown  Unknown
libmpi.so.12.0.0   000014D250EA24DF  Unknown               Unknown  Unknown
libmpi.so.12.0.0   000014D250D30405  PMPI_Alltoallv        Unknown  Unknown
libmpifort.so.12.  000014D252500DDA  pmpi_alltoallv__      Unknown  Unknown
kvasp544           000000000041544F  Unknown               Unknown  Unknown
kvasp544           00000000013B4CDA  Unknown               Unknown  Unknown
kvasp544           00000000013ABBCC  Unknown               Unknown  Unknown
kvasp544           00000000013AC8AF  Unknown               Unknown  Unknown
kvasp544           0000000000A92F64  Unknown               Unknown  Unknown
kvasp544           0000000000DC3107  Unknown               Unknown  Unknown
kvasp544           0000000000E25EE2  Unknown               Unknown  Unknown
kvasp544           0000000001434DC8  Unknown               Unknown  Unknown
kvasp544           000000000141122B  Unknown               Unknown  Unknown
kvasp544           000000000040AD02  Unknown               Unknown  Unknown
libc-2.27.so       000014D24FE55C87  __libc_start_main     Unknown  Unknown
kvasp544           000000000040ABEA  Unknown               Unknown  Unknown
forrtl: error (78): process killed (SIGTERM)
Image              PC                Routine            Line        Source             
kvasp544           00000000015C1C3B  Unknown               Unknown  Unknown
libpthread-2.27.s  0000154D05337980  Unknown               Unknown  Unknown
libc-2.27.so       0000154D04CAAB84  __poll                Unknown  Unknown
libtcp-fi.so       0000154BBA3C38C9  Unknown               Unknown  Unknown
libtcp-fi.so       0000154BBA3BCDA5  Unknown               Unknown  Unknown
libtcp-fi.so       0000154BBA3D4437  Unknown               Unknown  Unknown
librxm-fi.so       0000154BB9CBD25E  Unknown               Unknown  Unknown
librxm-fi.so       0000154BB9CBD3C9  Unknown               Unknown  Unknown
librxm-fi.so       0000154BB9CD7FBD  Unknown               Unknown  Unknown
librxm-fi.so       0000154BB9CD7F47  Unknown               Unknown  Unknown
libmpi.so.12.0.0   0000154D06020B30  Unknown               Unknown  Unknown
libmpi.so.12.0.0   0000154D05B6FD19  Unknown               Unknown  Unknown
libmpi.so.12.0.0   0000154D05B6FA56  Unknown               Unknown  Unknown
libmpi.so.12.0.0   0000154D061EC8C0  Unknown               Unknown  Unknown
libmpi.so.12.0.0   0000154D05D421C7  Unknown               Unknown  Unknown
libmpi.so.12.0.0   0000154D05D3A9F0  Unknown               Unknown  Unknown
libmpi.so.12.0.0   0000154D05A58C55  Unknown               Unknown  Unknown
libmpi.so.12.0.0   0000154D05ACACCD  Unknown               Unknown  Unknown
libmpi.so.12.0.0   0000154D05AE9A60  Unknown               Unknown  Unknown
libmpi.so.12.0.0   0000154D05AC17EC  Unknown               Unknown  Unknown
libmpi.so.12.0.0   0000154D05C04387  Unknown               Unknown  Unknown
libmpi.so.12.0.0   0000154D05A5F6E1  PMPI_Allreduce        Unknown  Unknown
libmpifort.so.12.  0000154D07262A50  mpi_allreduce_        Unknown  Unknown
kvasp544           0000000000418B9F  Unknown               Unknown  Unknown
kvasp544           0000000000579BED  Unknown               Unknown  Unknown
kvasp544           00000000006267FE  Unknown               Unknown  Unknown
kvasp544           0000000000A930E0  Unknown               Unknown  Unknown
kvasp544           0000000000DC3107  Unknown               Unknown  Unknown
kvasp544           0000000000E25EE2  Unknown               Unknown  Unknown
kvasp544           0000000001434DC8  Unknown               Unknown  Unknown
kvasp544           000000000141122B  Unknown               Unknown  Unknown
kvasp544           000000000040AD02  Unknown               Unknown  Unknown
libc-2.27.so       0000154D04BB7C87  __libc_start_main     Unknown  Unknown
kvasp544           000000000040ABEA  Unknown               Unknown  Unknown
forrtl: error (78): process killed (SIGTERM)
Image              PC                Routine            Line        Source             
kvasp544           00000000015C1C3B  Unknown               Unknown  Unknown
libpthread-2.27.s  0000146C0EC39980  Unknown               Unknown  Unknown
libc-2.27.so       0000146C0E5B9907  epoll_wait            Unknown  Unknown
libtcp-fi.so       0000146AC3CB9191  Unknown               Unknown  Unknown
libtcp-fi.so       0000146AC3CBF1EE  Unknown               Unknown  Unknown
librxm-fi.so       0000146AC35B43FC  Unknown               Unknown  Unknown
librxm-fi.so       0000146AC35BF2B9  Unknown               Unknown  Unknown
librxm-fi.so       0000146AC35BF3C9  Unknown               Unknown  Unknown
librxm-fi.so       0000146AC35D9FBD  Unknown               Unknown  Unknown
librxm-fi.so       0000146AC35D9F47  Unknown               Unknown  Unknown
libmpi.so.12.0.0   0000146C0F922B30  Unknown               Unknown  Unknown
libmpi.so.12.0.0   0000146C0F471D19  Unknown               Unknown  Unknown
libmpi.so.12.0.0   0000146C0F471A56  Unknown               Unknown  Unknown
libmpi.so.12.0.0   0000146C0FAEE8C0  Unknown               Unknown  Unknown
libmpi.so.12.0.0   0000146C0F6335E8  Unknown               Unknown  Unknown
libmpi.so.12.0.0   0000146C0F39E072  Unknown               Unknown  Unknown
libmpi.so.12.0.0   0000146C0F3A61D2  Unknown               Unknown  Unknown
libmpi.so.12.0.0   0000146C0F505F9D  Unknown               Unknown  Unknown
libmpi.so.12.0.0   0000146C0F51051F  Unknown               Unknown  Unknown
libmpi.so.12.0.0   0000146C0F3C3737  Unknown               Unknown  Unknown
libmpi.so.12.0.0   0000146C0F5064DF  Unknown               Unknown  Unknown
libmpi.so.12.0.0   0000146C0F394405  PMPI_Alltoallv        Unknown  Unknown
libmpifort.so.12.  0000146C10B64DDA  pmpi_alltoallv__      Unknown  Unknown
kvasp544           000000000041544F  Unknown               Unknown  Unknown
kvasp544           00000000013B4CDA  Unknown               Unknown  Unknown
kvasp544           00000000013ABBCC  Unknown               Unknown  Unknown
kvasp544           00000000013AC8AF  Unknown               Unknown  Unknown
kvasp544           0000000000A92F64  Unknown               Unknown  Unknown
kvasp544           0000000000DC3107  Unknown               Unknown  Unknown
kvasp544           0000000000E25EE2  Unknown               Unknown  Unknown
kvasp544           0000000001434DC8  Unknown               Unknown  Unknown
kvasp544           000000000141122B  Unknown               Unknown  Unknown
kvasp544           000000000040AD02  Unknown               Unknown  Unknown
libc-2.27.so       0000146C0E4B9C87  __libc_start_main     Unknown  Unknown
kvasp544           000000000040ABEA  Unknown               Unknown  Unknown
forrtl: error (78): process killed (SIGTERM)
Image              PC                Routine            Line        Source             
kvasp544           00000000015C1C3B  Unknown               Unknown  Unknown
libpthread-2.27.s  0000146B2B79A980  Unknown               Unknown  Unknown
libc-2.27.so       0000146B2B10DB84  __poll                Unknown  Unknown
libtcp-fi.so       00001469E08268C9  Unknown               Unknown  Unknown
libtcp-fi.so       00001469E081FDA5  Unknown               Unknown  Unknown
libtcp-fi.so       00001469E0837437  Unknown               Unknown  Unknown
librxm-fi.so       00001469E012025E  Unknown               Unknown  Unknown
librxm-fi.so       00001469E01203C9  Unknown               Unknown  Unknown
librxm-fi.so       00001469E013AFBD  Unknown               Unknown  Unknown
librxm-fi.so       00001469E013AF47  Unknown               Unknown  Unknown
libmpi.so.12.0.0   0000146B2C483B30  Unknown               Unknown  Unknown
libmpi.so.12.0.0   0000146B2BFD2D19  Unknown               Unknown  Unknown
libmpi.so.12.0.0   0000146B2BFD2A56  Unknown               Unknown  Unknown
libmpi.so.12.0.0   0000146B2C64F8C0  Unknown               Unknown  Unknown
libmpi.so.12.0.0   0000146B2C1A51C7  Unknown               Unknown  Unknown
libmpi.so.12.0.0   0000146B2C19D9F0  Unknown               Unknown  Unknown
libmpi.so.12.0.0   0000146B2BEBBC55  Unknown               Unknown  Unknown
libmpi.so.12.0.0   0000146B2BF2DCCD  Unknown               Unknown  Unknown
libmpi.so.12.0.0   0000146B2BF4CA60  Unknown               Unknown  Unknown
libmpi.so.12.0.0   0000146B2BF247EC  Unknown               Unknown  Unknown
libmpi.so.12.0.0   0000146B2C067387  Unknown               Unknown  Unknown
libmpi.so.12.0.0   0000146B2BEC26E1  PMPI_Allreduce        Unknown  Unknown
libmpifort.so.12.  0000146B2D6C5A50  mpi_allreduce_        Unknown  Unknown
kvasp544           0000000000418B9F  Unknown               Unknown  Unknown
kvasp544           0000000000579BED  Unknown               Unknown  Unknown
kvasp544           00000000006267FE  Unknown               Unknown  Unknown
kvasp544           0000000000A930E0  Unknown               Unknown  Unknown
kvasp544           0000000000DC3107  Unknown               Unknown  Unknown
kvasp544           0000000000E25EE2  Unknown               Unknown  Unknown
kvasp544           0000000001434DC8  Unknown               Unknown  Unknown
kvasp544           000000000141122B  Unknown               Unknown  Unknown
kvasp544           000000000040AD02  Unknown               Unknown  Unknown
libc-2.27.so       0000146B2B01AC87  __libc_start_main     Unknown  Unknown
kvasp544           000000000040ABEA  Unknown               Unknown  Unknown
forrtl: error (78): process killed (SIGTERM)
Image              PC                Routine            Line        Source             
kvasp544           00000000015C1C3B  Unknown               Unknown  Unknown
libpthread-2.27.s  000014C4295BC980  Unknown               Unknown  Unknown
libc-2.27.so       000014C428F3C907  epoll_wait            Unknown  Unknown
libtcp-fi.so       000014C2DE63C191  Unknown               Unknown  Unknown
libtcp-fi.so       000014C2DE6421EE  Unknown               Unknown  Unknown
librxm-fi.so       000014C2DDF373FC  Unknown               Unknown  Unknown
librxm-fi.so       000014C2DDF422B9  Unknown               Unknown  Unknown
librxm-fi.so       000014C2DDF423C9  Unknown               Unknown  Unknown
librxm-fi.so       000014C2DDF5CFBD  Unknown               Unknown  Unknown
librxm-fi.so       000014C2DDF5CF47  Unknown               Unknown  Unknown
libmpi.so.12.0.0   000014C42A2A5B30  Unknown               Unknown  Unknown
libmpi.so.12.0.0   000014C429DF4D19  Unknown               Unknown  Unknown
libmpi.so.12.0.0   000014C429DF4A56  Unknown               Unknown  Unknown
libmpi.so.12.0.0   000014C42A4718C0  Unknown               Unknown  Unknown
libmpi.so.12.0.0   000014C429FC71C7  Unknown               Unknown  Unknown
libmpi.so.12.0.0   000014C429FBF9F0  Unknown               Unknown  Unknown
libmpi.so.12.0.0   000014C429CDB2CB  Unknown               Unknown  Unknown
libmpi.so.12.0.0   000014C429D4FCFB  Unknown               Unknown  Unknown
libmpi.so.12.0.0   000014C429D6EA60  Unknown               Unknown  Unknown
libmpi.so.12.0.0   000014C429D467EC  Unknown               Unknown  Unknown
libmpi.so.12.0.0   000014C429E89387  Unknown               Unknown  Unknown
libmpi.so.12.0.0   000014C429CE46E1  PMPI_Allreduce        Unknown  Unknown
libmpifort.so.12.  000014C42B4E7A50  mpi_allreduce_        Unknown  Unknown
kvasp544           0000000000418B9F  Unknown               Unknown  Unknown
kvasp544           0000000000870908  Unknown               Unknown  Unknown
kvasp544           000000000086F91E  Unknown               Unknown  Unknown
kvasp544           0000000000A92AD5  Unknown               Unknown  Unknown
kvasp544           0000000000DC3107  Unknown               Unknown  Unknown
kvasp544           0000000000E25EE2  Unknown               Unknown  Unknown
kvasp544           0000000001434DC8  Unknown               Unknown  Unknown
kvasp544           000000000141122B  Unknown               Unknown  Unknown
kvasp544           000000000040AD02  Unknown               Unknown  Unknown
libc-2.27.so       000014C428E3CC87  __libc_start_main     Unknown  Unknown
kvasp544           000000000040ABEA  Unknown               Unknown  Unknown
forrtl: error (78): process killed (SIGTERM)
Image              PC                Routine            Line        Source             
kvasp544           00000000015C1C3B  Unknown               Unknown  Unknown
libpthread-2.27.s  000014D6605BB980  Unknown               Unknown  Unknown
libc-2.27.so       000014D65FF3B907  epoll_wait            Unknown  Unknown
libtcp-fi.so       000014D51563B191  Unknown               Unknown  Unknown
libtcp-fi.so       000014D5156411EE  Unknown               Unknown  Unknown
librxm-fi.so       000014D514F363FC  Unknown               Unknown  Unknown
librxm-fi.so       000014D514F412B9  Unknown               Unknown  Unknown
librxm-fi.so       000014D514F413C9  Unknown               Unknown  Unknown
librxm-fi.so       000014D514F5BFBD  Unknown               Unknown  Unknown
librxm-fi.so       000014D514F5BF47  Unknown               Unknown  Unknown
libmpi.so.12.0.0   000014D6612A4B30  Unknown               Unknown  Unknown
libmpi.so.12.0.0   000014D660DF3D19  Unknown               Unknown  Unknown
libmpi.so.12.0.0   000014D660DF3A56  Unknown               Unknown  Unknown
libmpi.so.12.0.0   000014D6614708C0  Unknown               Unknown  Unknown
libmpi.so.12.0.0   000014D660FC61C7  Unknown               Unknown  Unknown
libmpi.so.12.0.0   000014D660FBE9F0  Unknown               Unknown  Unknown
libmpi.so.12.0.0   000014D660CDCC55  Unknown               Unknown  Unknown
libmpi.so.12.0.0   000014D660D4ECCD  Unknown               Unknown  Unknown
libmpi.so.12.0.0   000014D660D6DA60  Unknown               Unknown  Unknown
libmpi.so.12.0.0   000014D660D457EC  Unknown               Unknown  Unknown
libmpi.so.12.0.0   000014D660E88387  Unknown               Unknown  Unknown
libmpi.so.12.0.0   000014D660CE36E1  PMPI_Allreduce        Unknown  Unknown
libmpifort.so.12.  000014D6624E6A50  mpi_allreduce_        Unknown  Unknown
kvasp544           0000000000418B9F  Unknown               Unknown  Unknown
kvasp544           0000000000579BED  Unknown               Unknown  Unknown
kvasp544           00000000006267FE  Unknown               Unknown  Unknown
kvasp544           0000000000A930E0  Unknown               Unknown  Unknown
kvasp544           0000000000DC3107  Unknown               Unknown  Unknown
kvasp544           0000000000E25EE2  Unknown               Unknown  Unknown
kvasp544           0000000001434DC8  Unknown               Unknown  Unknown
kvasp544           000000000141122B  Unknown               Unknown  Unknown
kvasp544           000000000040AD02  Unknown               Unknown  Unknown
libc-2.27.so       000014D65FE3BC87  __libc_start_main     Unknown  Unknown
kvasp544           000000000040ABEA  Unknown               Unknown  Unknown
forrtl: error (78): process killed (SIGTERM)
Image              PC                Routine            Line        Source             
kvasp544           00000000015C1C3B  Unknown               Unknown  Unknown
libpthread-2.27.s  000014A9FE5AC980  Unknown               Unknown  Unknown
libc-2.27.so       000014A9FDF2C907  epoll_wait            Unknown  Unknown
libtcp-fi.so       000014A8B362C191  Unknown               Unknown  Unknown
libtcp-fi.so       000014A8B36321EE  Unknown               Unknown  Unknown
librxm-fi.so       000014A8B2F273FC  Unknown               Unknown  Unknown
librxm-fi.so       000014A8B2F322B9  Unknown               Unknown  Unknown
librxm-fi.so       000014A8B2F323C9  Unknown               Unknown  Unknown
librxm-fi.so       000014A8B2F4CFBD  Unknown               Unknown  Unknown
librxm-fi.so       000014A8B2F4CF47  Unknown               Unknown  Unknown
libmpi.so.12.0.0   000014A9FF295B30  Unknown               Unknown  Unknown
libmpi.so.12.0.0   000014A9FEDE4D19  Unknown               Unknown  Unknown
libmpi.so.12.0.0   000014A9FEDE4A56  Unknown               Unknown  Unknown
libmpi.so.12.0.0   000014A9FF4618C0  Unknown               Unknown  Unknown
libmpi.so.12.0.0   000014A9FEFA65E8  Unknown               Unknown  Unknown
libmpi.so.12.0.0   000014A9FED11072  Unknown               Unknown  Unknown
libmpi.so.12.0.0   000014A9FED191D2  Unknown               Unknown  Unknown
libmpi.so.12.0.0   000014A9FEE78F9D  Unknown               Unknown  Unknown
libmpi.so.12.0.0   000014A9FEE8351F  Unknown               Unknown  Unknown
libmpi.so.12.0.0   000014A9FED36737  Unknown               Unknown  Unknown
libmpi.so.12.0.0   000014A9FEE794DF  Unknown               Unknown  Unknown
libmpi.so.12.0.0   000014A9FED07405  PMPI_Alltoallv        Unknown  Unknown
libmpifort.so.12.  000014AA004D7DDA  pmpi_alltoallv__      Unknown  Unknown
kvasp544           000000000041544F  Unknown               Unknown  Unknown
kvasp544           00000000013B4CDA  Unknown               Unknown  Unknown
kvasp544           00000000013ABBCC  Unknown               Unknown  Unknown
kvasp544           00000000013AC8AF  Unknown               Unknown  Unknown
kvasp544           0000000000A92F64  Unknown               Unknown  Unknown
kvasp544           0000000000DC3107  Unknown               Unknown  Unknown
kvasp544           0000000000E25EE2  Unknown               Unknown  Unknown
kvasp544           0000000001434DC8  Unknown               Unknown  Unknown
kvasp544           000000000141122B  Unknown               Unknown  Unknown
kvasp544           000000000040AD02  Unknown               Unknown  Unknown
libc-2.27.so       000014A9FDE2CC87  __libc_start_main     Unknown  Unknown
kvasp544           000000000040ABEA  Unknown               Unknown  Unknown
forrtl: error (78): process killed (SIGTERM)
Image              PC                Routine            Line        Source             
kvasp544           00000000015C1C3B  Unknown               Unknown  Unknown
libpthread-2.27.s  0000145FEAEF5980  Unknown               Unknown  Unknown
libc-2.27.so       0000145FEA868B84  __poll                Unknown  Unknown
libtcp-fi.so       0000145E9FF818C9  Unknown               Unknown  Unknown
libtcp-fi.so       0000145E9FF7ADA5  Unknown               Unknown  Unknown
libtcp-fi.so       0000145E9FF92437  Unknown               Unknown  Unknown
librxm-fi.so       0000145E9F87B25E  Unknown               Unknown  Unknown
librxm-fi.so       0000145E9F87B3C9  Unknown               Unknown  Unknown
librxm-fi.so       0000145E9F895FBD  Unknown               Unknown  Unknown
librxm-fi.so       0000145E9F895F47  Unknown               Unknown  Unknown
libmpi.so.12.0.0   0000145FEBBDEB30  Unknown               Unknown  Unknown
libmpi.so.12.0.0   0000145FEB72DD19  Unknown               Unknown  Unknown
libmpi.so.12.0.0   0000145FEB72DA56  Unknown               Unknown  Unknown
libmpi.so.12.0.0   0000145FEBDAA8C0  Unknown               Unknown  Unknown
libmpi.so.12.0.0   0000145FEB9001C7  Unknown               Unknown  Unknown
libmpi.so.12.0.0   0000145FEB8F89F0  Unknown               Unknown  Unknown
libmpi.so.12.0.0   0000145FEB616C55  Unknown               Unknown  Unknown
libmpi.so.12.0.0   0000145FEB688CCD  Unknown               Unknown  Unknown
libmpi.so.12.0.0   0000145FEB6A7A60  Unknown               Unknown  Unknown
libmpi.so.12.0.0   0000145FEB67F7EC  Unknown               Unknown  Unknown
libmpi.so.12.0.0   0000145FEB7C2387  Unknown               Unknown  Unknown
libmpi.so.12.0.0   0000145FEB61D6E1  PMPI_Allreduce        Unknown  Unknown
libmpifort.so.12.  0000145FECE20A50  mpi_allreduce_        Unknown  Unknown
kvasp544           0000000000418B9F  Unknown               Unknown  Unknown
kvasp544           0000000000579BED  Unknown               Unknown  Unknown
kvasp544           00000000006267FE  Unknown               Unknown  Unknown
kvasp544           0000000000A930E0  Unknown               Unknown  Unknown
kvasp544           0000000000DC3107  Unknown               Unknown  Unknown
kvasp544           0000000000E25EE2  Unknown               Unknown  Unknown
kvasp544           0000000001434DC8  Unknown               Unknown  Unknown
kvasp544           000000000141122B  Unknown               Unknown  Unknown
kvasp544           000000000040AD02  Unknown               Unknown  Unknown
libc-2.27.so       0000145FEA775C87  __libc_start_main     Unknown  Unknown
kvasp544           000000000040ABEA  Unknown               Unknown  Unknown
forrtl: error (78): process killed (SIGTERM)
Image              PC                Routine            Line        Source             
kvasp544           00000000015C1C3B  Unknown               Unknown  Unknown
libpthread-2.27.s  000014E187390980  Unknown               Unknown  Unknown
libc-2.27.so       000014E186D03B84  __poll                Unknown  Unknown
libtcp-fi.so       000014E03C41C8C9  Unknown               Unknown  Unknown
libtcp-fi.so       000014E03C415DA5  Unknown               Unknown  Unknown
libtcp-fi.so       000014E03C42D437  Unknown               Unknown  Unknown
librxm-fi.so       000014E03BD1625E  Unknown               Unknown  Unknown
librxm-fi.so       000014E03BD163C9  Unknown               Unknown  Unknown
librxm-fi.so       000014E03BD30FBD  Unknown               Unknown  Unknown
librxm-fi.so       000014E03BD30F47  Unknown               Unknown  Unknown
libmpi.so.12.0.0   000014E188079B30  Unknown               Unknown  Unknown
libmpi.so.12.0.0   000014E187BC8D19  Unknown               Unknown  Unknown
libmpi.so.12.0.0   000014E187BC8A56  Unknown               Unknown  Unknown
libmpi.so.12.0.0   000014E1882458C0  Unknown               Unknown  Unknown
libmpi.so.12.0.0   000014E187D8A5E8  Unknown               Unknown  Unknown
libmpi.so.12.0.0   000014E1880F5970  Unknown               Unknown  Unknown
libmpi.so.12.0.0   000014E1881000BC  Unknown               Unknown  Unknown
libmpi.so.12.0.0   000014E187C5D18F  Unknown               Unknown  Unknown
libmpi.so.12.0.0   000014E187C6751F  Unknown               Unknown  Unknown
libmpi.so.12.0.0   000014E187B1A737  Unknown               Unknown  Unknown
libmpi.so.12.0.0   000014E187C5D4DF  Unknown               Unknown  Unknown
libmpi.so.12.0.0   000014E187AEB405  PMPI_Alltoallv        Unknown  Unknown
libmpifort.so.12.  000014E1892BBDDA  pmpi_alltoallv__      Unknown  Unknown
kvasp544           000000000041544F  Unknown               Unknown  Unknown
kvasp544           00000000013B4CDA  Unknown               Unknown  Unknown
kvasp544           00000000013ABBCC  Unknown               Unknown  Unknown
kvasp544           00000000013AC8AF  Unknown               Unknown  Unknown
kvasp544           0000000000A92F64  Unknown               Unknown  Unknown
kvasp544           0000000000DC3107  Unknown               Unknown  Unknown
kvasp544           0000000000E25EE2  Unknown               Unknown  Unknown
kvasp544           0000000001434DC8  Unknown               Unknown  Unknown
kvasp544           000000000141122B  Unknown               Unknown  Unknown
kvasp544           000000000040AD02  Unknown               Unknown  Unknown
libc-2.27.so       000014E186C10C87  __libc_start_main     Unknown  Unknown
kvasp544           000000000040ABEA  Unknown               Unknown  Unknown
forrtl: error (78): process killed (SIGTERM)
Image              PC                Routine            Line        Source             
kvasp544           00000000015C1C3B  Unknown               Unknown  Unknown
libpthread-2.27.s  00001497D9EB4980  Unknown               Unknown  Unknown
libc-2.27.so       00001497D9834907  epoll_wait            Unknown  Unknown
libtcp-fi.so       000014968EF34191  Unknown               Unknown  Unknown
libtcp-fi.so       000014968EF3A1EE  Unknown               Unknown  Unknown
librxm-fi.so       000014968E82F3FC  Unknown               Unknown  Unknown
librxm-fi.so       000014968E83A2B9  Unknown               Unknown  Unknown
librxm-fi.so       000014968E83A3C9  Unknown               Unknown  Unknown
librxm-fi.so       000014968E854FBD  Unknown               Unknown  Unknown
librxm-fi.so       000014968E854F47  Unknown               Unknown  Unknown
libmpi.so.12.0.0   00001497DAB9DB30  Unknown               Unknown  Unknown
libmpi.so.12.0.0   00001497DA6ECD19  Unknown               Unknown  Unknown
libmpi.so.12.0.0   00001497DA6ECA56  Unknown               Unknown  Unknown
libmpi.so.12.0.0   00001497DAD698C0  Unknown               Unknown  Unknown
libmpi.so.12.0.0   00001497DA8BF1C7  Unknown               Unknown  Unknown
libmpi.so.12.0.0   00001497DA8B79F0  Unknown               Unknown  Unknown
libmpi.so.12.0.0   00001497DA5D5C55  Unknown               Unknown  Unknown
libmpi.so.12.0.0   00001497DA647CCD  Unknown               Unknown  Unknown
libmpi.so.12.0.0   00001497DA666A60  Unknown               Unknown  Unknown
libmpi.so.12.0.0   00001497DA63E7EC  Unknown               Unknown  Unknown
libmpi.so.12.0.0   00001497DA781387  Unknown               Unknown  Unknown
libmpi.so.12.0.0   00001497DA5DC6E1  PMPI_Allreduce        Unknown  Unknown
libmpifort.so.12.  00001497DBDDFA50  mpi_allreduce_        Unknown  Unknown
kvasp544           0000000000418B9F  Unknown               Unknown  Unknown
kvasp544           000000000063B648  Unknown               Unknown  Unknown
kvasp544           0000000000A92D57  Unknown               Unknown  Unknown
kvasp544           0000000000DC3107  Unknown               Unknown  Unknown
kvasp544           0000000000E25EE2  Unknown               Unknown  Unknown
kvasp544           0000000001434DC8  Unknown               Unknown  Unknown
kvasp544           000000000141122B  Unknown               Unknown  Unknown
kvasp544           000000000040AD02  Unknown               Unknown  Unknown
libc-2.27.so       00001497D9734C87  __libc_start_main     Unknown  Unknown
kvasp544           000000000040ABEA  Unknown               Unknown  Unknown
forrtl: error (78): process killed (SIGTERM)
Image              PC                Routine            Line        Source             
kvasp544           00000000015C1C3B  Unknown               Unknown  Unknown
libpthread-2.27.s  0000151CBAB3E980  Unknown               Unknown  Unknown
libc-2.27.so       0000151CBA4B1B84  __poll                Unknown  Unknown
libtcp-fi.so       0000151B6FBCA8C9  Unknown               Unknown  Unknown
libtcp-fi.so       0000151B6FBC3DA5  Unknown               Unknown  Unknown
libtcp-fi.so       0000151B6FBDB437  Unknown               Unknown  Unknown
librxm-fi.so       0000151B6F4C425E  Unknown               Unknown  Unknown
librxm-fi.so       0000151B6F4C43C9  Unknown               Unknown  Unknown
librxm-fi.so       0000151B6F4DEFBD  Unknown               Unknown  Unknown
librxm-fi.so       0000151B6F4DEF47  Unknown               Unknown  Unknown
libmpi.so.12.0.0   0000151CBB827B30  Unknown               Unknown  Unknown
libmpi.so.12.0.0   0000151CBB376D19  Unknown               Unknown  Unknown
libmpi.so.12.0.0   0000151CBB376A56  Unknown               Unknown  Unknown
libmpi.so.12.0.0   0000151CBB9F38C0  Unknown               Unknown  Unknown
libmpi.so.12.0.0   0000151CBB5385E8  Unknown               Unknown  Unknown
libmpi.so.12.0.0   0000151CBB2A3072  Unknown               Unknown  Unknown
libmpi.so.12.0.0   0000151CBB2AB1D2  Unknown               Unknown  Unknown
libmpi.so.12.0.0   0000151CBB40AF9D  Unknown               Unknown  Unknown
libmpi.so.12.0.0   0000151CBB41551F  Unknown               Unknown  Unknown
libmpi.so.12.0.0   0000151CBB2C8737  Unknown               Unknown  Unknown
libmpi.so.12.0.0   0000151CBB40B4DF  Unknown               Unknown  Unknown
libmpi.so.12.0.0   0000151CBB299405  PMPI_Alltoallv        Unknown  Unknown
libmpifort.so.12.  0000151CBCA69DDA  pmpi_alltoallv__      Unknown  Unknown
kvasp544           000000000041544F  Unknown               Unknown  Unknown
kvasp544           00000000013B4CDA  Unknown               Unknown  Unknown
kvasp544           00000000013ABBCC  Unknown               Unknown  Unknown
kvasp544           00000000013AC8AF  Unknown               Unknown  Unknown
kvasp544           0000000000A92F64  Unknown               Unknown  Unknown
kvasp544           0000000000DC3107  Unknown               Unknown  Unknown
kvasp544           0000000000E25EE2  Unknown               Unknown  Unknown
kvasp544           0000000001434DC8  Unknown               Unknown  Unknown
kvasp544           000000000141122B  Unknown               Unknown  Unknown
kvasp544           000000000040AD02  Unknown               Unknown  Unknown
libc-2.27.so       0000151CBA3BEC87  __libc_start_main     Unknown  Unknown
kvasp544           000000000040ABEA  Unknown               Unknown  Unknown
forrtl: error (78): process killed (SIGTERM)
Image              PC                Routine            Line        Source             
kvasp544           00000000015C1C3B  Unknown               Unknown  Unknown
libpthread-2.27.s  0000152700ECB980  Unknown               Unknown  Unknown
libc-2.27.so       000015270083EB84  __poll                Unknown  Unknown
libtcp-fi.so       00001525B5F578C9  Unknown               Unknown  Unknown
libtcp-fi.so       00001525B5F50DA5  Unknown               Unknown  Unknown
libtcp-fi.so       00001525B5F68437  Unknown               Unknown  Unknown
librxm-fi.so       00001525B585125E  Unknown               Unknown  Unknown
librxm-fi.so       00001525B58513C9  Unknown               Unknown  Unknown
librxm-fi.so       00001525B586BFBD  Unknown               Unknown  Unknown
librxm-fi.so       00001525B586BF47  Unknown               Unknown  Unknown
libmpi.so.12.0.0   0000152701BB4B30  Unknown               Unknown  Unknown
libmpi.so.12.0.0   0000152701703D19  Unknown               Unknown  Unknown
libmpi.so.12.0.0   0000152701703A56  Unknown               Unknown  Unknown
libmpi.so.12.0.0   0000152701D808C0  Unknown               Unknown  Unknown
libmpi.so.12.0.0   00001527018C55E8  Unknown               Unknown  Unknown
libmpi.so.12.0.0   0000152701630072  Unknown               Unknown  Unknown
libmpi.so.12.0.0   00001527016381D2  Unknown               Unknown  Unknown
libmpi.so.12.0.0   0000152701797F9D  Unknown               Unknown  Unknown
libmpi.so.12.0.0   00001527017A251F  Unknown               Unknown  Unknown
libmpi.so.12.0.0   0000152701655737  Unknown               Unknown  Unknown
libmpi.so.12.0.0   00001527017984DF  Unknown               Unknown  Unknown
libmpi.so.12.0.0   0000152701626405  PMPI_Alltoallv        Unknown  Unknown
libmpifort.so.12.  0000152702DF6DDA  pmpi_alltoallv__      Unknown  Unknown
kvasp544           000000000041544F  Unknown               Unknown  Unknown
kvasp544           00000000013B4CDA  Unknown               Unknown  Unknown
kvasp544           00000000013ABBCC  Unknown               Unknown  Unknown
kvasp544           00000000013AC8AF  Unknown               Unknown  Unknown
kvasp544           0000000000A92F64  Unknown               Unknown  Unknown
kvasp544           0000000000DC3107  Unknown               Unknown  Unknown
kvasp544           0000000000E25EE2  Unknown               Unknown  Unknown
kvasp544           0000000001434DC8  Unknown               Unknown  Unknown
kvasp544           000000000141122B  Unknown               Unknown  Unknown
kvasp544           000000000040AD02  Unknown               Unknown  Unknown
libc-2.27.so       000015270074BC87  __libc_start_main     Unknown  Unknown
kvasp544           000000000040ABEA  Unknown               Unknown  Unknown
forrtl: error (78): process killed (SIGTERM)
Image              PC                Routine            Line        Source             
kvasp544           00000000015C1C3B  Unknown               Unknown  Unknown
libpthread-2.27.s  000014FFFCF58980  Unknown               Unknown  Unknown
libc-2.27.so       000014FFFC8CBB84  __poll                Unknown  Unknown
libtcp-fi.so       000014FEB1FE48C9  Unknown               Unknown  Unknown
libtcp-fi.so       000014FEB1FDDDA5  Unknown               Unknown  Unknown
libtcp-fi.so       000014FEB1FF5437  Unknown               Unknown  Unknown
librxm-fi.so       000014FEB18DE25E  Unknown               Unknown  Unknown
librxm-fi.so       000014FEB18DE3C9  Unknown               Unknown  Unknown
librxm-fi.so       000014FEB18F8FBD  Unknown               Unknown  Unknown
librxm-fi.so       000014FEB18F8F47  Unknown               Unknown  Unknown
libmpi.so.12.0.0   000014FFFDC41B30  Unknown               Unknown  Unknown
libmpi.so.12.0.0   000014FFFD790D19  Unknown               Unknown  Unknown
libmpi.so.12.0.0   000014FFFD790A56  Unknown               Unknown  Unknown
libmpi.so.12.0.0   000014FFFDE0D8C0  Unknown               Unknown  Unknown
libmpi.so.12.0.0   000014FFFD9631C7  Unknown               Unknown  Unknown
libmpi.so.12.0.0   000014FFFD95B9F0  Unknown               Unknown  Unknown
libmpi.so.12.0.0   000014FFFD6772CB  Unknown               Unknown  Unknown
libmpi.so.12.0.0   000014FFFD6EBCFB  Unknown               Unknown  Unknown
libmpi.so.12.0.0   000014FFFD70AA60  Unknown               Unknown  Unknown
libmpi.so.12.0.0   000014FFFD6E27EC  Unknown               Unknown  Unknown
libmpi.so.12.0.0   000014FFFD825387  Unknown               Unknown  Unknown
libmpi.so.12.0.0   000014FFFD6806E1  PMPI_Allreduce        Unknown  Unknown
libmpifort.so.12.  000014FFFEE83A50  mpi_allreduce_        Unknown  Unknown
kvasp544           0000000000418B9F  Unknown               Unknown  Unknown
kvasp544           0000000000870908  Unknown               Unknown  Unknown
kvasp544           000000000086F91E  Unknown               Unknown  Unknown
kvasp544           0000000000A92AD5  Unknown               Unknown  Unknown
kvasp544           0000000000DC3107  Unknown               Unknown  Unknown
kvasp544           0000000000E25EE2  Unknown               Unknown  Unknown
kvasp544           0000000001434DC8  Unknown               Unknown  Unknown
kvasp544           000000000141122B  Unknown               Unknown  Unknown
kvasp544           000000000040AD02  Unknown               Unknown  Unknown
libc-2.27.so       000014FFFC7D8C87  __libc_start_main     Unknown  Unknown
kvasp544           000000000040ABEA  Unknown               Unknown  Unknown
forrtl: error (78): process killed (SIGTERM)
Image              PC                Routine            Line        Source             
kvasp544           00000000015C1C3B  Unknown               Unknown  Unknown
libpthread-2.27.s  0000152B9E298980  Unknown               Unknown  Unknown
libc-2.27.so       0000152B9DC0BB84  __poll                Unknown  Unknown
libtcp-fi.so       0000152A533248C9  Unknown               Unknown  Unknown
libtcp-fi.so       0000152A5331DDA5  Unknown               Unknown  Unknown
libtcp-fi.so       0000152A53335437  Unknown               Unknown  Unknown
librxm-fi.so       0000152A52C1E25E  Unknown               Unknown  Unknown
librxm-fi.so       0000152A52C1E3C9  Unknown               Unknown  Unknown
librxm-fi.so       0000152A52C38FBD  Unknown               Unknown  Unknown
librxm-fi.so       0000152A52C38F47  Unknown               Unknown  Unknown
libmpi.so.12.0.0   0000152B9EF81B30  Unknown               Unknown  Unknown
libmpi.so.12.0.0   0000152B9EAD0D19  Unknown               Unknown  Unknown
libmpi.so.12.0.0   0000152B9EAD0A56  Unknown               Unknown  Unknown
libmpi.so.12.0.0   0000152B9F14D8C0  Unknown               Unknown  Unknown
libmpi.so.12.0.0   0000152B9EC925E8  Unknown               Unknown  Unknown
libmpi.so.12.0.0   0000152B9E9FD072  Unknown               Unknown  Unknown
libmpi.so.12.0.0   0000152B9EA051D2  Unknown               Unknown  Unknown
libmpi.so.12.0.0   0000152B9EB64F9D  Unknown               Unknown  Unknown
libmpi.so.12.0.0   0000152B9EB6F51F  Unknown               Unknown  Unknown
libmpi.so.12.0.0   0000152B9EA22737  Unknown               Unknown  Unknown
libmpi.so.12.0.0   0000152B9EB654DF  Unknown               Unknown  Unknown
libmpi.so.12.0.0   0000152B9E9F3405  PMPI_Alltoallv        Unknown  Unknown
libmpifort.so.12.  0000152BA01C3DDA  pmpi_alltoallv__      Unknown  Unknown
kvasp544           000000000041544F  Unknown               Unknown  Unknown
kvasp544           00000000013B4CDA  Unknown               Unknown  Unknown
kvasp544           00000000013ABBCC  Unknown               Unknown  Unknown
kvasp544           00000000013AC8AF  Unknown               Unknown  Unknown
kvasp544           0000000000A92F64  Unknown               Unknown  Unknown
kvasp544           0000000000DC3107  Unknown               Unknown  Unknown
kvasp544           0000000000E25EE2  Unknown               Unknown  Unknown
kvasp544           0000000001434DC8  Unknown               Unknown  Unknown
kvasp544           000000000141122B  Unknown               Unknown  Unknown
kvasp544           000000000040AD02  Unknown               Unknown  Unknown
libc-2.27.so       0000152B9DB18C87  __libc_start_main     Unknown  Unknown
kvasp544           000000000040ABEA  Unknown               Unknown  Unknown
forrtl: error (78): process killed (SIGTERM)
Image              PC                Routine            Line        Source             
kvasp544           00000000015C1C3B  Unknown               Unknown  Unknown
libpthread-2.27.s  0000145E7D3BF980  Unknown               Unknown  Unknown
libc-2.27.so       0000145E7CD32B84  __poll                Unknown  Unknown
libtcp-fi.so       0000145D3244B8C9  Unknown               Unknown  Unknown
libtcp-fi.so       0000145D32444DA5  Unknown               Unknown  Unknown
libtcp-fi.so       0000145D3245C437  Unknown               Unknown  Unknown
librxm-fi.so       0000145D31D4525E  Unknown               Unknown  Unknown
librxm-fi.so       0000145D31D453C9  Unknown               Unknown  Unknown
librxm-fi.so       0000145D31D5FFBD  Unknown               Unknown  Unknown
librxm-fi.so       0000145D31D5FF47  Unknown               Unknown  Unknown
libmpi.so.12.0.0   0000145E7E0A8B30  Unknown               Unknown  Unknown
libmpi.so.12.0.0   0000145E7DBF7D19  Unknown               Unknown  Unknown
libmpi.so.12.0.0   0000145E7DBF7A56  Unknown               Unknown  Unknown
libmpi.so.12.0.0   0000145E7E2748C0  Unknown               Unknown  Unknown
libmpi.so.12.0.0   0000145E7DDCA1C7  Unknown               Unknown  Unknown
libmpi.so.12.0.0   0000145E7DDC29F0  Unknown               Unknown  Unknown
libmpi.so.12.0.0   0000145E7DAE0C55  Unknown               Unknown  Unknown
libmpi.so.12.0.0   0000145E7DB52CCD  Unknown               Unknown  Unknown
libmpi.so.12.0.0   0000145E7DB71A60  Unknown               Unknown  Unknown
libmpi.so.12.0.0   0000145E7DB497EC  Unknown               Unknown  Unknown
libmpi.so.12.0.0   0000145E7DC8C387  Unknown               Unknown  Unknown
libmpi.so.12.0.0   0000145E7DAE76E1  PMPI_Allreduce        Unknown  Unknown
libmpifort.so.12.  0000145E7F2EAA50  mpi_allreduce_        Unknown  Unknown
kvasp544           0000000000418B9F  Unknown               Unknown  Unknown
kvasp544           0000000000579BED  Unknown               Unknown  Unknown
kvasp544           00000000006267FE  Unknown               Unknown  Unknown
kvasp544           0000000000A930E0  Unknown               Unknown  Unknown
kvasp544           0000000000DC3107  Unknown               Unknown  Unknown
kvasp544           0000000000E25EE2  Unknown               Unknown  Unknown
kvasp544           0000000001434DC8  Unknown               Unknown  Unknown
kvasp544           000000000141122B  Unknown               Unknown  Unknown
kvasp544           000000000040AD02  Unknown               Unknown  Unknown
libc-2.27.so       0000145E7CC3FC87  __libc_start_main     Unknown  Unknown
kvasp544           000000000040ABEA  Unknown               Unknown  Unknown
forrtl: error (78): process killed (SIGTERM)
Image              PC                Routine            Line        Source             
kvasp544           00000000015C1C3B  Unknown               Unknown  Unknown
libpthread-2.27.s  000014763EF6C980  Unknown               Unknown  Unknown
libc-2.27.so       000014763E8DFB84  __poll                Unknown  Unknown
libtcp-fi.so       00001474F3FF88C9  Unknown               Unknown  Unknown
libtcp-fi.so       00001474F3FF1DA5  Unknown               Unknown  Unknown
libtcp-fi.so       00001474F4009437  Unknown               Unknown  Unknown
librxm-fi.so       00001474F38F225E  Unknown               Unknown  Unknown
librxm-fi.so       00001474F38F23C9  Unknown               Unknown  Unknown
librxm-fi.so       00001474F390CFBD  Unknown               Unknown  Unknown
librxm-fi.so       00001474F390CF47  Unknown               Unknown  Unknown
libmpi.so.12.0.0   000014763FC55B30  Unknown               Unknown  Unknown
libmpi.so.12.0.0   000014763F7A4D19  Unknown               Unknown  Unknown
libmpi.so.12.0.0   000014763F7A4A56  Unknown               Unknown  Unknown
libmpi.so.12.0.0   000014763FE218C0  Unknown               Unknown  Unknown
libmpi.so.12.0.0   000014763F9665E8  Unknown               Unknown  Unknown
libmpi.so.12.0.0   000014763F6D1072  Unknown               Unknown  Unknown
libmpi.so.12.0.0   000014763F6D91D2  Unknown               Unknown  Unknown
libmpi.so.12.0.0   000014763F838F9D  Unknown               Unknown  Unknown
libmpi.so.12.0.0   000014763F84351F  Unknown               Unknown  Unknown
libmpi.so.12.0.0   000014763F6F6737  Unknown               Unknown  Unknown
libmpi.so.12.0.0   000014763F8394DF  Unknown               Unknown  Unknown
libmpi.so.12.0.0   000014763F6C7405  PMPI_Alltoallv        Unknown  Unknown
libmpifort.so.12.  0000147640E97DDA  pmpi_alltoallv__      Unknown  Unknown
kvasp544           000000000041544F  Unknown               Unknown  Unknown
kvasp544           00000000013B4CDA  Unknown               Unknown  Unknown
kvasp544           00000000013ABBCC  Unknown               Unknown  Unknown
kvasp544           00000000013AC8AF  Unknown               Unknown  Unknown
kvasp544           0000000000A92F64  Unknown               Unknown  Unknown
kvasp544           0000000000DC3107  Unknown               Unknown  Unknown
kvasp544           0000000000E25EE2  Unknown               Unknown  Unknown
kvasp544           0000000001434DC8  Unknown               Unknown  Unknown
kvasp544           000000000141122B  Unknown               Unknown  Unknown
kvasp544           000000000040AD02  Unknown               Unknown  Unknown
libc-2.27.so       000014763E7ECC87  __libc_start_main     Unknown  Unknown
kvasp544           000000000040ABEA  Unknown               Unknown  Unknown
forrtl: error (78): process killed (SIGTERM)
Image              PC                Routine            Line        Source             
kvasp544           00000000015C1C3B  Unknown               Unknown  Unknown
libpthread-2.27.s  0000154256C16980  Unknown               Unknown  Unknown
libc-2.27.so       0000154256596907  epoll_wait            Unknown  Unknown
libtcp-fi.so       000015410BC96191  Unknown               Unknown  Unknown
libtcp-fi.so       000015410BC9C1EE  Unknown               Unknown  Unknown
librxm-fi.so       000015410B5913FC  Unknown               Unknown  Unknown
librxm-fi.so       000015410B59C2B9  Unknown               Unknown  Unknown
librxm-fi.so       000015410B59C3C9  Unknown               Unknown  Unknown
librxm-fi.so       000015410B5B6FBD  Unknown               Unknown  Unknown
librxm-fi.so       000015410B5B6F47  Unknown               Unknown  Unknown
libmpi.so.12.0.0   00001542578FFB30  Unknown               Unknown  Unknown
libmpi.so.12.0.0   000015425744ED19  Unknown               Unknown  Unknown
libmpi.so.12.0.0   000015425744EA56  Unknown               Unknown  Unknown
libmpi.so.12.0.0   0000154257ACB8C0  Unknown               Unknown  Unknown
libmpi.so.12.0.0   00001542576211C7  Unknown               Unknown  Unknown
libmpi.so.12.0.0   00001542576199F0  Unknown               Unknown  Unknown
libmpi.so.12.0.0   0000154257337C55  Unknown               Unknown  Unknown
libmpi.so.12.0.0   00001542573A9CCD  Unknown               Unknown  Unknown
libmpi.so.12.0.0   00001542573C8A60  Unknown               Unknown  Unknown
libmpi.so.12.0.0   00001542573A07EC  Unknown               Unknown  Unknown
libmpi.so.12.0.0   00001542574E3387  Unknown               Unknown  Unknown
libmpi.so.12.0.0   000015425733E6E1  PMPI_Allreduce        Unknown  Unknown
libmpifort.so.12.  0000154258B41A50  mpi_allreduce_        Unknown  Unknown
kvasp544           0000000000418B9F  Unknown               Unknown  Unknown
kvasp544           0000000000579BED  Unknown               Unknown  Unknown
kvasp544           00000000006267FE  Unknown               Unknown  Unknown
kvasp544           0000000000A930E0  Unknown               Unknown  Unknown
kvasp544           0000000000DC3107  Unknown               Unknown  Unknown
kvasp544           0000000000E25EE2  Unknown               Unknown  Unknown
kvasp544           0000000001434DC8  Unknown               Unknown  Unknown
kvasp544           000000000141122B  Unknown               Unknown  Unknown
kvasp544           000000000040AD02  Unknown               Unknown  Unknown
libc-2.27.so       0000154256496C87  __libc_start_main     Unknown  Unknown
kvasp544           000000000040ABEA  Unknown               Unknown  Unknown
forrtl: error (78): process killed (SIGTERM)
Image              PC                Routine            Line        Source             
kvasp544           00000000015C1C3B  Unknown               Unknown  Unknown
libpthread-2.27.s  000014BDF5516980  Unknown               Unknown  Unknown
libc-2.27.so       000014BDF4E89B84  __poll                Unknown  Unknown
libtcp-fi.so       000014BCAA5A28C9  Unknown               Unknown  Unknown
libtcp-fi.so       000014BCAA59BDA5  Unknown               Unknown  Unknown
libtcp-fi.so       000014BCAA5B3437  Unknown               Unknown  Unknown
librxm-fi.so       000014BCA9E9C25E  Unknown               Unknown  Unknown
librxm-fi.so       000014BCA9E9C3C9  Unknown               Unknown  Unknown
librxm-fi.so       000014BCA9EB6FBD  Unknown               Unknown  Unknown
librxm-fi.so       000014BCA9EB6F47  Unknown               Unknown  Unknown
libmpi.so.12.0.0   000014BDF61FFB30  Unknown               Unknown  Unknown
libmpi.so.12.0.0   000014BDF5D4ED19  Unknown               Unknown  Unknown
libmpi.so.12.0.0   000014BDF5D4EA56  Unknown               Unknown  Unknown
libmpi.so.12.0.0   000014BDF63CB8C0  Unknown               Unknown  Unknown
libmpi.so.12.0.0   000014BDF5F105E8  Unknown               Unknown  Unknown
libmpi.so.12.0.0   000014BDF627B970  Unknown               Unknown  Unknown
libmpi.so.12.0.0   000014BDF62860BC  Unknown               Unknown  Unknown
libmpi.so.12.0.0   000014BDF5DE2F32  Unknown               Unknown  Unknown
libmpi.so.12.0.0   000014BDF5DED51F  Unknown               Unknown  Unknown
libmpi.so.12.0.0   000014BDF5CA0737  Unknown               Unknown  Unknown
libmpi.so.12.0.0   000014BDF5DE34DF  Unknown               Unknown  Unknown
libmpi.so.12.0.0   000014BDF5C71405  PMPI_Alltoallv        Unknown  Unknown
libmpifort.so.12.  000014BDF7441DDA  pmpi_alltoallv__      Unknown  Unknown
kvasp544           000000000041544F  Unknown               Unknown  Unknown
kvasp544           00000000013B4CDA  Unknown               Unknown  Unknown
kvasp544           00000000013ABBCC  Unknown               Unknown  Unknown
kvasp544           00000000013AC8AF  Unknown               Unknown  Unknown
kvasp544           0000000000A92F64  Unknown               Unknown  Unknown
kvasp544           0000000000DC3107  Unknown               Unknown  Unknown
kvasp544           0000000000E25EE2  Unknown               Unknown  Unknown
kvasp544           0000000001434DC8  Unknown               Unknown  Unknown
kvasp544           000000000141122B  Unknown               Unknown  Unknown
kvasp544           000000000040AD02  Unknown               Unknown  Unknown
libc-2.27.so       000014BDF4D96C87  __libc_start_main     Unknown  Unknown
kvasp544           000000000040ABEA  Unknown               Unknown  Unknown
forrtl: error (78): process killed (SIGTERM)
Image              PC                Routine            Line        Source             
kvasp544           00000000015C1C3B  Unknown               Unknown  Unknown
libpthread-2.27.s  0000152A6820A980  Unknown               Unknown  Unknown
libc-2.27.so       0000152A67B8A907  epoll_wait            Unknown  Unknown
libtcp-fi.so       000015291D28A191  Unknown               Unknown  Unknown
libtcp-fi.so       000015291D2901EE  Unknown               Unknown  Unknown
librxm-fi.so       000015291CB853FC  Unknown               Unknown  Unknown
librxm-fi.so       000015291CB902B9  Unknown               Unknown  Unknown
librxm-fi.so       000015291CB903C9  Unknown               Unknown  Unknown
librxm-fi.so       000015291CBAAFBD  Unknown               Unknown  Unknown
librxm-fi.so       000015291CBAAF47  Unknown               Unknown  Unknown
libmpi.so.12.0.0   0000152A68EF3B30  Unknown               Unknown  Unknown
libmpi.so.12.0.0   0000152A68A42D19  Unknown               Unknown  Unknown
libmpi.so.12.0.0   0000152A68A42A56  Unknown               Unknown  Unknown
libmpi.so.12.0.0   0000152A690BF8C0  Unknown               Unknown  Unknown
libmpi.so.12.0.0   0000152A68C151C7  Unknown               Unknown  Unknown
libmpi.so.12.0.0   0000152A68C0D9F0  Unknown               Unknown  Unknown
libmpi.so.12.0.0   0000152A689292CB  Unknown               Unknown  Unknown
libmpi.so.12.0.0   0000152A6899DCFB  Unknown               Unknown  Unknown
libmpi.so.12.0.0   0000152A689BCA60  Unknown               Unknown  Unknown
libmpi.so.12.0.0   0000152A689947EC  Unknown               Unknown  Unknown
libmpi.so.12.0.0   0000152A68AD7387  Unknown               Unknown  Unknown
libmpi.so.12.0.0   0000152A689326E1  PMPI_Allreduce        Unknown  Unknown
libmpifort.so.12.  0000152A6A135A50  mpi_allreduce_        Unknown  Unknown
kvasp544           0000000000418B9F  Unknown               Unknown  Unknown
kvasp544           0000000000870908  Unknown               Unknown  Unknown
kvasp544           000000000086F91E  Unknown               Unknown  Unknown
kvasp544           0000000000A92AD5  Unknown               Unknown  Unknown
kvasp544           0000000000DC3107  Unknown               Unknown  Unknown
kvasp544           0000000000E25EE2  Unknown               Unknown  Unknown
kvasp544           0000000001434DC8  Unknown               Unknown  Unknown
kvasp544           000000000141122B  Unknown               Unknown  Unknown
kvasp544           000000000040AD02  Unknown               Unknown  Unknown
libc-2.27.so       0000152A67A8AC87  __libc_start_main     Unknown  Unknown
kvasp544           000000000040ABEA  Unknown               Unknown  Unknown
srun: error: n14: tasks 0-1,3-39: Exited with exit code 1
